                                                                                      *************************************
                                                                                      *                                   *
                                                                                      *      Download MC 1.18.2 Mods      *
                                                                                      *             2022.07.15            *
                                                                                      *            Start 15:27            *
                                                                                      *                                   *
                                                                                      *************************************

[15.07.2022 - 15:27:25] (INFO)    Testing if directory exist...
[15.07.2022 - 15:27:25] (INFO)    Base folder 'E:\Games\Minecraft\#Setup_Minecraft\1.18.2' exists. We check subfolders...
[15.07.2022 - 15:27:25] (SUCCESS) Folder 'E:\Games\Minecraft\#Setup_Minecraft\1.18.2\mods' exists!
[15.07.2022 - 15:27:25] (SUCCESS) Folder 'E:\Games\Minecraft\#Setup_Minecraft\1.18.2\mods\NoOptifine' exists!
[15.07.2022 - 15:27:25] (SUCCESS) Folder 'E:\Games\Minecraft\#Setup_Minecraft\1.18.2\Ressources' exists!
[15.07.2022 - 15:27:25] (SUCCESS) Folder 'E:\Games\Minecraft\#Setup_Minecraft\1.18.2\Shaders' exists!

[15.07.2022 - 15:27:25] (INFO)    Checking if we already download mods...
[15.07.2022 - 15:27:25] (INFO)    We already downloaded mods. We will download only new version

[15.07.2022 - 15:27:25] (INFO)    Download updated mods
[15.07.2022 - 15:27:25] (INFO)    Querying last file for AdvancementInfo (Loader: Fabric; MC Version: 1.18.2)...
[15.07.2022 - 15:27:28] (INFO)    A file has been found!
[15.07.2022 - 15:27:28] (INFO)    A previous download exist. We will check if the mods was updated.
[15.07.2022 - 15:27:28] (INFO)    There is no modification for this mod. We will not download it again.

[15.07.2022 - 15:27:31] (INFO)    Querying last file for Advancements Enlarger (Loader: Fabric; MC Version: 1.18.2)...
[15.07.2022 - 15:27:36] (INFO)    A file has been found!
[15.07.2022 - 15:27:36] (INFO)    A previous download exist. We will check if the mods was updated.
[15.07.2022 - 15:27:36] (INFO)    There is no modification for this mod. We will not download it again.

[15.07.2022 - 15:27:38] (INFO)    Querying last file for AppleSkin (Loader: Fabric; MC Version: 1.18.2)...
[15.07.2022 - 15:27:39] (INFO)    A file has been found!
[15.07.2022 - 15:27:39] (INFO)    A previous download exist. We will check if the mods was updated.
[15.07.2022 - 15:27:39] (INFO)    There is no modification for this mod. We will not download it again.

[15.07.2022 - 15:27:41] (INFO)    Querying last file for Architectury API (Fabric/Forge) (Loader: Fabric; MC Version: 1.18.2)...
[15.07.2022 - 15:27:44] (INFO)    A file has been found!
[15.07.2022 - 15:27:44] (INFO)    A previous download exist. We will check if the mods was updated.
[15.07.2022 - 15:27:44] (INFO)    The mods has been updated! (4.4.68 -> 4.5.76)
[15.07.2022 - 15:27:44] (DEBUG)   We should download https://edge.forgecdn.net/files/3855/243/architectury-4.5.76-fabric.jar to E:\Games\Minecraft\#Setup_Minecraft\1.18.2\Mods\architectury-4.5.76-fabric.jar

[15.07.2022 - 15:27:52] (INFO)    Querying last file for Atmosfera (Loader: Fabric; MC Version: 1.18.2)...
[15.07.2022 - 15:27:55] (WARNING) No files found.

[15.07.2022 - 15:27:57] (INFO)    Querying last file for Better Birch Leaves Add-on (Loader: Fabric; MC Version: 1.18.2)...
[15.07.2022 - 15:28:01] (WARNING) No files found.

[15.07.2022 - 15:28:03] (INFO)    Querying last file for Better Dropped Items (Loader: Fabric; MC Version: 1.18.2)...
[15.07.2022 - 15:28:08] (INFO)    A file has been found!
[15.07.2022 - 15:28:08] (INFO)    A previous download exist. We will check if the mods was updated.
[15.07.2022 - 15:28:08] (INFO)    The mods has been updated for Minecraft 1.18.2!
[15.07.2022 - 15:28:08] (DEBUG)   We should download https://edge.forgecdn.net/files/3876/297/betterdroppeditems-1.3.2-1.18.2.jar to E:\Games\Minecraft\#Setup_Minecraft\1.18.2\Mods\betterdroppeditems-1.3.2-1.18.2.jar

[15.07.2022 - 15:28:17] (INFO)    Querying last file for Better Spruce Leaves Add-on (Loader: Fabric; MC Version: 1.18.2)...
[15.07.2022 - 15:28:21] (WARNING) No files found.

[15.07.2022 - 15:28:21] (INFO)    Querying last file for Better Third Person (Loader: Fabric; MC Version: 1.18.2)...
[15.07.2022 - 15:28:26] (INFO)    A file has been found!
[15.07.2022 - 15:28:26] (INFO)    A previous download exist. We will check if the mods was updated.
[15.07.2022 - 15:28:26] (INFO)    The mods has been updated! (1.7.3 -> 1.8.1)
[15.07.2022 - 15:28:26] (DEBUG)   We should download https://edge.forgecdn.net/files/3834/418/BetterThirdPerson-Fabric-1.18.2-1.8.1.jar to E:\Games\Minecraft\#Setup_Minecraft\1.18.2\Mods\BetterThirdPerson-Fabric-1.18.2-1.8.1.jar

[15.07.2022 - 15:28:26] (INFO)    Querying last file for BetterF3 (Loader: Fabric; MC Version: 1.18.2)...
[15.07.2022 - 15:28:30] (INFO)    A file has been found!
[15.07.2022 - 15:28:30] (INFO)    A previous download exist. We will check if the mods was updated.
[15.07.2022 - 15:28:30] (INFO)    There is no modification for this mod. We will not download it again.

[15.07.2022 - 15:28:30] (INFO)    Querying last file for BSL Shaders (Loader: Fabric; MC Version: 1.18.2)...
[15.07.2022 - 15:28:32] (WARNING) No files found.

[15.07.2022 - 15:28:32] (INFO)    Querying last file for Charm (Loader: Fabric; MC Version: 1.18.2)...
[15.07.2022 - 15:28:33] (INFO)    A file has been found!
[15.07.2022 - 15:28:33] (INFO)    A previous download exist. We will check if the mods was updated.
[15.07.2022 - 15:28:33] (DEBUG)   We should download https://edge.forgecdn.net/files/3829/803/charm-fabric-1.18.2-4.1.2.jar to E:\Games\Minecraft\#Setup_Minecraft\1.18.2\Mods\charm-fabric-1.18.2-4.1.2.jar

[15.07.2022 - 15:28:33] (INFO)    Querying last file for Cloth Config API (Fabric/Forge) (Loader: Fabric; MC Version: 1.18.2)...
[15.07.2022 - 15:28:37] (INFO)    A file has been found!
[15.07.2022 - 15:28:37] (INFO)    A previous download exist. We will check if the mods was updated.
[15.07.2022 - 15:28:37] (INFO)    There is no modification for this mod. We will not download it again.

[15.07.2022 - 15:28:37] (INFO)    Querying last file for Continuity (Loader: Fabric; MC Version: 1.18.2)...
[15.07.2022 - 15:28:40] (INFO)    A file has been found!
[15.07.2022 - 15:28:40] (INFO)    A previous download exist. We will check if the mods was updated.
[15.07.2022 - 15:28:40] (INFO)    The mods has been updated! (1.1.0 -> 2.0.0)
[15.07.2022 - 15:28:40] (DEBUG)   We should download https://edge.forgecdn.net/files/3822/250/continuity-2.0.0+1.18.2.jar to E:\Games\Minecraft\#Setup_Minecraft\1.18.2\Mods\NoOptifine\continuity-2.0.0+1.18.2.jar

[15.07.2022 - 15:28:40] (INFO)    Querying last file for CraftPresence (Loader: Fabric; MC Version: 1.18.2)...
[15.07.2022 - 15:28:43] (INFO)    A file has been found!
[15.07.2022 - 15:28:43] (INFO)    A previous download exist. We will check if the mods was updated.
[15.07.2022 - 15:28:43] (INFO)    There is no modification for this mod. We will not download it again.

[15.07.2022 - 15:28:43] (INFO)    Querying last file for Dark Loading Screen (Loader: Fabric; MC Version: 1.18.2)...
[15.07.2022 - 15:28:46] (INFO)    A file has been found!
[15.07.2022 - 15:28:46] (INFO)    A previous download exist. We will check if the mods was updated.
[15.07.2022 - 15:28:46] (INFO)    There is no modification for this mod. We will not download it again.

[15.07.2022 - 15:28:46] (INFO)    Querying last file for Diggus Maximus (Loader: Fabric; MC Version: 1.18.2)...
[15.07.2022 - 15:28:52] (INFO)    A file has been found!
[15.07.2022 - 15:28:52] (INFO)    A previous download exist. We will check if the mods was updated.
[15.07.2022 - 15:28:52] (INFO)    The mods has been updated! (1.5.5 -> 1.5.6)
[15.07.2022 - 15:28:52] (DEBUG)   We should download https://edge.forgecdn.net/files/3822/191/diggusmaximus-1.5.6-1.18.jar to E:\Games\Minecraft\#Setup_Minecraft\1.18.2\Mods\diggusmaximus-1.5.6-1.18.jar

[15.07.2022 - 15:28:52] (INFO)    Querying last file for Dramatic Skys (Loader: Fabric; MC Version: 1.18.2)...
[15.07.2022 - 15:28:57] (INFO)    A file has been found!
[15.07.2022 - 15:28:57] (INFO)    A previous download exist. We will check if the mods was updated.
[15.07.2022 - 15:28:57] (INFO)    The mods has been updated! (1.4 -> 1.5)
[15.07.2022 - 15:28:57] (DEBUG)   We should download https://edge.forgecdn.net/files/3853/624/Dramatic+Skys+Demo+1.5.zip to E:\Games\Minecraft\#Setup_Minecraft\1.18.2\Ressources\Dramatic+Skys+Demo+1.5.zip

[15.07.2022 - 15:28:57] (INFO)    Querying last file for EditSign (Forge&Fabric) (Loader: Fabric; MC Version: 1.18.2)...
[15.07.2022 - 15:28:59] (INFO)    A file has been found!
[15.07.2022 - 15:28:59] (INFO)    A previous download exist. We will check if the mods was updated.
[15.07.2022 - 15:28:59] (INFO)    There is no modification for this mod. We will not download it again.

[15.07.2022 - 15:28:59] (INFO)    Querying last file for Effective 💦 (Loader: Fabric; MC Version: 1.18.2)...
[15.07.2022 - 15:29:03] (INFO)    A file has been found!
[15.07.2022 - 15:29:03] (INFO)    A previous download exist. We will check if the mods was updated.
[15.07.2022 - 15:29:03] (INFO)    There is no modification for this mod. We will not download it again.

[15.07.2022 - 15:29:03] (INFO)    Querying last file for Enchanted ToolTips (Loader: Fabric; MC Version: 1.18.2)...
[15.07.2022 - 15:29:06] (INFO)    A file has been found!
[15.07.2022 - 15:29:06] (INFO)    A previous download exist. We will check if the mods was updated.
[15.07.2022 - 15:29:06] (INFO)    The mods has been updated for Minecraft 1.18.2!
[15.07.2022 - 15:29:06] (DEBUG)   We should download https://edge.forgecdn.net/files/3820/409/EnchantedToolTips-1.3.6-1.18.jar to E:\Games\Minecraft\#Setup_Minecraft\1.18.2\Mods\EnchantedToolTips-1.3.6-1.18.jar

[15.07.2022 - 15:29:06] (INFO)    Querying last file for Enhanced Attack Indicator (Loader: Fabric; MC Version: 1.18.2)...
[15.07.2022 - 15:29:09] (INFO)    A file has been found!
[15.07.2022 - 15:29:09] (INFO)    A previous download exist. We will check if the mods was updated.
[15.07.2022 - 15:29:09] (INFO)    There is no modification for this mod. We will not download it again.

[15.07.2022 - 15:29:09] (INFO)    Querying last file for Experience Container [XP] (Loader: Fabric; MC Version: 1.18.2)...
[15.07.2022 - 15:29:14] (WARNING) No files found.

[15.07.2022 - 15:29:14] (INFO)    Querying last file for Fabric API (Loader: Fabric; MC Version: 1.18.2)...
[15.07.2022 - 15:29:18] (INFO)    A file has been found!
[15.07.2022 - 15:29:18] (INFO)    A previous download exist. We will check if the mods was updated.
[15.07.2022 - 15:29:18] (INFO)    The mods has been updated! (0.54.0 -> 0.57.0)
[15.07.2022 - 15:29:18] (DEBUG)   We should download https://edge.forgecdn.net/files/3851/928/fabric-api-0.57.0+1.18.2.jar to E:\Games\Minecraft\#Setup_Minecraft\1.18.2\Mods\fabric-api-0.57.0+1.18.2.jar

[15.07.2022 - 15:29:18] (INFO)    Querying last file for Fabric Capes (Loader: Fabric; MC Version: 1.18.2)...
[15.07.2022 - 15:29:22] (INFO)    A file has been found!
[15.07.2022 - 15:29:22] (INFO)    A previous download exist. We will check if the mods was updated.
[15.07.2022 - 15:29:22] (INFO)    There is no modification for this mod. We will not download it again.

[15.07.2022 - 15:29:22] (INFO)    Querying last file for Fabric Language Kotlin (Loader: Fabric; MC Version: 1.18.2)...
[15.07.2022 - 15:29:27] (INFO)    A file has been found!
[15.07.2022 - 15:29:27] (INFO)    A previous download exist. We will check if the mods was updated.
[15.07.2022 - 15:29:27] (INFO)    The mods has been updated! (1.7.4+kotlin.1.6.21 -> 1.8.1+kotlin.1.7.0)
[15.07.2022 - 15:29:27] (DEBUG)   We should download https://edge.forgecdn.net/files/3850/90/fabric-language-kotlin-1.8.1+kotlin.1.7.0.jar to E:\Games\Minecraft\#Setup_Minecraft\1.18.2\Mods\NoOptifine\fabric-language-kotlin-1.8.1+kotlin.1.7.0.jar

[15.07.2022 - 15:29:27] (INFO)    Querying last file for Faithful 32x (Loader: Fabric; MC Version: 1.18.2)...
[15.07.2022 - 15:29:29] (INFO)    A file has been found!
[15.07.2022 - 15:29:29] (INFO)    A previous download exist. We will check if the mods was updated.
[15.07.2022 - 15:29:29] (INFO)    The mods has been updated! (Beta 20 -> 1.18.2)
[15.07.2022 - 15:29:29] (DEBUG)   We should download https://edge.forgecdn.net/files/3855/740/Faithful 32x - 1.18.2.zip to E:\Games\Minecraft\#Setup_Minecraft\1.18.2\Ressources\Faithful 32x - 1.18.2.zip

[15.07.2022 - 15:29:29] (INFO)    Querying last file for Falling Leaves (Fabric) (Loader: Fabric; MC Version: 1.18.2)...
[15.07.2022 - 15:29:29] (INFO)    A file has been found!
[15.07.2022 - 15:29:29] (INFO)    A previous download exist. We will check if the mods was updated.
[15.07.2022 - 15:29:29] (INFO)    There is no modification for this mod. We will not download it again.

[15.07.2022 - 15:29:29] (INFO)    Querying last file for FallingTree (Forge&Fabric) (Loader: Fabric; MC Version: 1.18.2)...
[15.07.2022 - 15:29:29] (INFO)    A file has been found!
[15.07.2022 - 15:29:29] (INFO)    A previous download exist. We will check if the mods was updated.
[15.07.2022 - 15:29:29] (INFO)    The mods has been updated! (3.5.1 -> 3.5.3)
[15.07.2022 - 15:29:29] (DEBUG)   We should download https://edge.forgecdn.net/files/3856/246/FallingTree-1.18.2-3.5.3.jar to E:\Games\Minecraft\#Setup_Minecraft\1.18.2\Mods\FallingTree-1.18.2-3.5.3.jar

[15.07.2022 - 15:29:29] (INFO)    Querying last file for FerriteCore (Fabric) (Loader: Fabric; MC Version: 1.18.2)...
[15.07.2022 - 15:29:31] (INFO)    A file has been found!
[15.07.2022 - 15:29:31] (INFO)    A previous download exist. We will check if the mods was updated.
[15.07.2022 - 15:29:31] (INFO)    There is no modification for this mod. We will not download it again.

[15.07.2022 - 15:29:31] (INFO)    Querying last file for Held Item Info (Loader: Fabric; MC Version: 1.18.2)...
[15.07.2022 - 15:29:32] (INFO)    A file has been found!
[15.07.2022 - 15:29:32] (INFO)    A previous download exist. We will check if the mods was updated.
[15.07.2022 - 15:29:32] (INFO)    There is no modification for this mod. We will not download it again.

[15.07.2022 - 15:29:32] (INFO)    Querying last file for Horse Stats Vanilla (Fabric) (Loader: Fabric; MC Version: 1.18.2)...
[15.07.2022 - 15:29:34] (INFO)    A file has been found!
[15.07.2022 - 15:29:34] (INFO)    A previous download exist. We will check if the mods was updated.
[15.07.2022 - 15:29:34] (INFO)    There is no modification for this mod. We will not download it again.

[15.07.2022 - 15:29:34] (INFO)    Querying last file for Indium (Loader: Fabric; MC Version: 1.18.2)...
[15.07.2022 - 15:29:38] (INFO)    A file has been found!
[15.07.2022 - 15:29:38] (INFO)    A previous download exist. We will check if the mods was updated.
[15.07.2022 - 15:29:38] (INFO)    The mods has been updated! (1.0.3 -> 1.0.6)
[15.07.2022 - 15:29:38] (DEBUG)   We should download https://edge.forgecdn.net/files/3840/291/indium-1.0.6+mc1.18.2.jar to E:\Games\Minecraft\#Setup_Minecraft\1.18.2\Mods\NoOptifine\indium-1.0.6+mc1.18.2.jar

[15.07.2022 - 15:29:38] (INFO)    Querying last file for Inmis (Loader: Fabric; MC Version: 1.18.2)...
[15.07.2022 - 15:29:40] (INFO)    A file has been found!
[15.07.2022 - 15:29:40] (INFO)    A previous download exist. We will check if the mods was updated.
[15.07.2022 - 15:29:40] (INFO)    There is no modification for this mod. We will not download it again.

[15.07.2022 - 15:29:40] (INFO)    Querying last file for Inventory Hotswap (Loader: Fabric; MC Version: 1.18.2)...
[15.07.2022 - 15:29:43] (INFO)    A file has been found!
[15.07.2022 - 15:29:43] (INFO)    A previous download exist. We will check if the mods was updated.
[15.07.2022 - 15:29:43] (INFO)    The mods has been updated! (1.3 -> 1.3.0)
[15.07.2022 - 15:29:43] (DEBUG)   We should download https://edge.forgecdn.net/files/3861/555/inventory-hotswap-fabric-1.18.2-1.3.0.jar to E:\Games\Minecraft\#Setup_Minecraft\1.18.2\Mods\inventory-hotswap-fabric-1.18.2-1.3.0.jar

[15.07.2022 - 15:29:43] (INFO)    Querying last file for Inventory HUD+ (Loader: Fabric; MC Version: 1.18.2)...
[15.07.2022 - 15:29:47] (INFO)    A file has been found!
[15.07.2022 - 15:29:47] (INFO)    A previous download exist. We will check if the mods was updated.
[15.07.2022 - 15:29:47] (INFO)    There is no modification for this mod. We will not download it again.

[15.07.2022 - 15:29:47] (INFO)    Querying last file for Inventory Profiles Next (Loader: Fabric; MC Version: 1.18.2)...
[15.07.2022 - 15:29:51] (INFO)    A file has been found!
[15.07.2022 - 15:29:51] (INFO)    A previous download exist. We will check if the mods was updated.
[15.07.2022 - 15:29:51] (INFO)    The mods has been updated! (1.5.0 -> 1.6.0)
[15.07.2022 - 15:29:51] (DEBUG)   We should download https://edge.forgecdn.net/files/3871/730/InventoryProfilesNext-fabric-1.18.2-1.6.0.jar to E:\Games\Minecraft\#Setup_Minecraft\1.18.2\Mods\InventoryProfilesNext-fabric-1.18.2-1.6.0.jar

[15.07.2022 - 15:29:51] (INFO)    Querying last file for Iris Shaders (Loader: Fabric; MC Version: 1.18.2)...
[15.07.2022 - 15:29:55] (INFO)    A file has been found!
[15.07.2022 - 15:29:55] (INFO)    A previous download exist. We will check if the mods was updated.
[15.07.2022 - 15:29:55] (INFO)    The mods has been updated! (1.2.4 -> 1.2.5)
[15.07.2022 - 15:29:55] (DEBUG)   We should download https://edge.forgecdn.net/files/3820/231/iris-mc1.18.2-1.2.5.jar to E:\Games\Minecraft\#Setup_Minecraft\1.18.2\Mods\NoOptifine\iris-mc1.18.2-1.2.5.jar

[15.07.2022 - 15:29:55] (INFO)    Querying last file for Item Scroller (Loader: Fabric; MC Version: 1.18.2)...
[15.07.2022 - 15:29:58] (INFO)    A file has been found!
[15.07.2022 - 15:29:58] (INFO)    A previous download exist. We will check if the mods was updated.
[15.07.2022 - 15:29:58] (INFO)    There is no modification for this mod. We will not download it again.

[15.07.2022 - 15:29:58] (INFO)    Querying last file for Jerm's Better Leaves Add-on (Loader: Fabric; MC Version: 1.18.2)...
[15.07.2022 - 15:30:02] (INFO)    A file has been found!
[15.07.2022 - 15:30:02] (INFO)    A previous download exist. We will check if the mods was updated.
[15.07.2022 - 15:30:02] (DEBUG)   We should download https://edge.forgecdn.net/files/3695/548/Better Leaves Addon V2.9-1.19.zip to E:\Games\Minecraft\#Setup_Minecraft\1.18.2\Ressources\Better Leaves Addon V2.9-1.19.zip

[15.07.2022 - 15:30:02] (INFO)    Querying last file for LambdaBetterGrass (Loader: Fabric; MC Version: 1.18.2)...
[15.07.2022 - 15:30:10] (INFO)    A file has been found!
[15.07.2022 - 15:30:10] (INFO)    A previous download exist. We will check if the mods was updated.
[15.07.2022 - 15:30:10] (INFO)    The mods has been updated! (1.2.3 -> 1.2.4)
[15.07.2022 - 15:30:10] (DEBUG)   We should download https://edge.forgecdn.net/files/3833/479/lambdabettergrass-1.2.4+1.18.jar to E:\Games\Minecraft\#Setup_Minecraft\1.18.2\Mods\NoOptifine\lambdabettergrass-1.2.4+1.18.jar

[15.07.2022 - 15:30:10] (INFO)    Querying last file for LambDynamicLights (Loader: Fabric; MC Version: 1.18.2)...
[15.07.2022 - 15:30:13] (INFO)    A file has been found!
[15.07.2022 - 15:30:13] (INFO)    A previous download exist. We will check if the mods was updated.
[15.07.2022 - 15:30:13] (INFO)    There is no modification for this mod. We will not download it again.

[15.07.2022 - 15:30:13] (INFO)    Querying last file for Light Overlay (Rift/Forge/Fabric) (Loader: Fabric; MC Version: 1.18.2)...
[15.07.2022 - 15:30:16] (INFO)    A file has been found!
[15.07.2022 - 15:30:16] (INFO)    A previous download exist. We will check if the mods was updated.
[15.07.2022 - 15:30:16] (INFO)    There is no modification for this mod. We will not download it again.

[15.07.2022 - 15:30:16] (INFO)    Querying last file for Litematica (Loader: Fabric; MC Version: 1.18.2)...
[15.07.2022 - 15:30:20] (INFO)    A file has been found!
[15.07.2022 - 15:30:20] (INFO)    A previous download exist. We will check if the mods was updated.
[15.07.2022 - 15:30:20] (INFO)    There is no modification for this mod. We will not download it again.

[15.07.2022 - 15:30:20] (INFO)    Querying last file for Lithium (Fabric) (Loader: Fabric; MC Version: 1.18.2)...
[15.07.2022 - 15:30:23] (INFO)    A file has been found!
[15.07.2022 - 15:30:23] (INFO)    A previous download exist. We will check if the mods was updated.
[15.07.2022 - 15:30:23] (INFO)    There is no modification for this mod. We will not download it again.

[15.07.2022 - 15:30:23] (INFO)    Querying last file for MaLiLib (Loader: Fabric; MC Version: 1.18.2)...
[15.07.2022 - 15:30:26] (INFO)    A file has been found!
[15.07.2022 - 15:30:26] (INFO)    A previous download exist. We will check if the mods was updated.
[15.07.2022 - 15:30:26] (INFO)    There is no modification for this mod. We will not download it again.

[15.07.2022 - 15:30:26] (INFO)    Querying last file for MAmbience (Loader: Fabric; MC Version: 1.18.2)...
[15.07.2022 - 15:30:28] (INFO)    A file has been found!
[15.07.2022 - 15:30:28] (INFO)    A previous download exist. We will check if the mods was updated.
[15.07.2022 - 15:30:28] (INFO)    There is no modification for this mod. We will not download it again.

[15.07.2022 - 15:30:28] (INFO)    Querying last file for MiniHUD (Loader: Fabric; MC Version: 1.18.2)...
[15.07.2022 - 15:30:31] (INFO)    A file has been found!
[15.07.2022 - 15:30:31] (INFO)    A previous download exist. We will check if the mods was updated.
[15.07.2022 - 15:30:31] (INFO)    There is no modification for this mod. We will not download it again.

[15.07.2022 - 15:30:31] (INFO)    Querying last file for Mod Menu (Loader: Fabric; MC Version: 1.18.2)...
[15.07.2022 - 15:30:37] (INFO)    A file has been found!
[15.07.2022 - 15:30:37] (INFO)    A previous download exist. We will check if the mods was updated.
[15.07.2022 - 15:30:37] (INFO)    The mods has been updated! (3.2.2 -> 3.2.3)
[15.07.2022 - 15:30:37] (DEBUG)   We should download https://edge.forgecdn.net/files/3850/113/modmenu-3.2.3.jar to E:\Games\Minecraft\#Setup_Minecraft\1.18.2\Mods\modmenu-3.2.3.jar

[15.07.2022 - 15:30:37] (INFO)    Querying last file for OptiFabric (Loader: Fabric; MC Version: 1.18.2)...
[15.07.2022 - 15:30:42] (INFO)    A file has been found!
[15.07.2022 - 15:30:42] (INFO)    A previous download exist. We will check if the mods was updated.
[15.07.2022 - 15:30:42] (INFO)    The mods has been updated! (1.13.0 -> 1.13.5)
[15.07.2022 - 15:30:42] (DEBUG)   We should download https://edge.forgecdn.net/files/3862/130/optifabric-1.13.5.jar to E:\Games\Minecraft\#Setup_Minecraft\1.18.2\Mods\optifabric-1.13.5.jar

[15.07.2022 - 15:30:42] (INFO)    Querying last file for OptiFine (Loader: Fabric; MC Version: 1.18.2)...
[15.07.2022 - 15:30:53] (INFO)    A file has been found!
[15.07.2022 - 15:30:53] (INFO)    A previous download exist. We will check if the mods was updated.
[15.07.2022 - 15:30:53] (INFO)    There is no modification for this mod. We will not download it again.

[15.07.2022 - 15:30:53] (INFO)    Querying last file for Phosphor (Fabric) (Loader: Fabric; MC Version: 1.18.2)...
[15.07.2022 - 15:30:54] (INFO)    A file has been found!
[15.07.2022 - 15:30:54] (INFO)    A previous download exist. We will check if the mods was updated.
[15.07.2022 - 15:30:54] (INFO)    There is no modification for this mod. We will not download it again.

[15.07.2022 - 15:30:54] (INFO)    Querying last file for Potion Descriptions (Fabric) (Loader: Fabric; MC Version: 1.18.2)...
[15.07.2022 - 15:30:57] (WARNING) No files found.

[15.07.2022 - 15:30:57] (INFO)    Querying last file for Presence Footsteps [Fabric] (Loader: Fabric; MC Version: 1.18.2)...
[15.07.2022 - 15:30:57] (INFO)    A file has been found!
[15.07.2022 - 15:30:57] (INFO)    A previous download exist. We will check if the mods was updated.
[15.07.2022 - 15:30:57] (INFO)    The mods has been updated! (1.5.0 -> 1.5.1)
[15.07.2022 - 15:30:57] (DEBUG)   We should download https://edge.forgecdn.net/files/3851/656/PresenceFootsteps-1.5.1.jar to E:\Games\Minecraft\#Setup_Minecraft\1.18.2\Mods\PresenceFootsteps-1.5.1.jar

[15.07.2022 - 15:30:57] (INFO)    Querying last file for Reese's Sodium Options (Loader: Fabric; MC Version: 1.18.2)...
[15.07.2022 - 15:30:59] (INFO)    A file has been found!
[15.07.2022 - 15:30:59] (INFO)    A previous download exist. We will check if the mods was updated.
[15.07.2022 - 15:30:59] (DEBUG)   We should download https://edge.forgecdn.net/files/3820/947/reeses_sodium_options-1.4.3+mc1.18.2-build.42.jar to E:\Games\Minecraft\#Setup_Minecraft\1.18.2\Mods\NoOptifine\reeses_sodium_options-1.4.3+mc1.18.2-build.42.jar

[15.07.2022 - 15:30:59] (INFO)    Querying last file for Replay Mod (Loader: Fabric; MC Version: 1.18.2)...
[15.07.2022 - 15:31:32] (INFO)    A file has been found!
[15.07.2022 - 15:31:32] (INFO)    A previous download exist. We will check if the mods was updated.
[15.07.2022 - 15:31:32] (INFO)    The mods has been updated! (2.6.5 -> 2.6.6)
[15.07.2022 - 15:31:32] (DEBUG)   We should download https://www.replaymod.com/download/download_new.php?version=1.18.2-2.6.6 to E:\Games\Minecraft\#Setup_Minecraft\1.18.2\Mods\replaymod-1.18.2-2.6.6.jar

[15.07.2022 - 15:31:32] (INFO)    Querying last file for Roughly Enough Items Fabric/Forge (REI) (Loader: Fabric; MC Version: 1.18.2)...
[15.07.2022 - 15:31:33] (INFO)    A file has been found!
[15.07.2022 - 15:31:33] (INFO)    A previous download exist. We will check if the mods was updated.
[15.07.2022 - 15:31:33] (INFO)    The mods has been updated! (8.2.471 -> 8.3.510)
[15.07.2022 - 15:31:33] (DEBUG)   We should download https://edge.forgecdn.net/files/3870/767/RoughlyEnoughItems-8.3.510.jar to E:\Games\Minecraft\#Setup_Minecraft\1.18.2\Mods\RoughlyEnoughItems-8.3.510.jar

[15.07.2022 - 15:31:33] (INFO)    Querying last file for Shield Corrections Colored (Loader: Fabric; MC Version: 1.18.2)...
[15.07.2022 - 15:31:39] (INFO)    A file has been found!
[15.07.2022 - 15:31:39] (INFO)    A previous download exist. We will check if the mods was updated.
[15.07.2022 - 15:31:39] (INFO)    The mods has been updated! (1.2.0 -> 1.3.0)
[15.07.2022 - 15:31:39] (DEBUG)   We should download https://edge.forgecdn.net/files/3851/441/Shield Corrections §c[Colored].zip to E:\Games\Minecraft\#Setup_Minecraft\1.18.2\Ressources\Shield Corrections §c[Colored].zip

[15.07.2022 - 15:31:39] (INFO)    Querying last file for Shield Corrections Regular (Loader: Fabric; MC Version: 1.18.2)...
[15.07.2022 - 15:31:41] (INFO)    A file has been found!
[15.07.2022 - 15:31:41] (INFO)    A previous download exist. We will check if the mods was updated.
[15.07.2022 - 15:31:41] (INFO)    The mods has been updated! (1.2.0 -> 1.3.0)
[15.07.2022 - 15:31:41] (DEBUG)   We should download https://edge.forgecdn.net/files/3851/439/Shield Corrections §7[Regular].zip to E:\Games\Minecraft\#Setup_Minecraft\1.18.2\Ressources\Shield Corrections §7[Regular].zip

[15.07.2022 - 15:31:41] (INFO)    Querying last file for ShulkerBoxTooltip (Loader: Fabric; MC Version: 1.18.2)...
[15.07.2022 - 15:31:43] (INFO)    A file has been found!
[15.07.2022 - 15:31:43] (INFO)    A previous download exist. We will check if the mods was updated.
[15.07.2022 - 15:31:43] (INFO)    The mods has been updated! (3.0.7 -> 3.0.10)
[15.07.2022 - 15:31:43] (DEBUG)   We should download https://edge.forgecdn.net/files/3856/54/shulkerboxtooltip-3.0.10+1.18.2.jar to E:\Games\Minecraft\#Setup_Minecraft\1.18.2\Mods\shulkerboxtooltip-3.0.10+1.18.2.jar

[15.07.2022 - 15:31:43] (INFO)    Querying last file for Sodium (Loader: Fabric; MC Version: 1.18.2)...
[15.07.2022 - 15:31:45] (INFO)    A file has been found!
[15.07.2022 - 15:31:45] (INFO)    A previous download exist. We will check if the mods was updated.
[15.07.2022 - 15:31:45] (INFO)    There is no modification for this mod. We will not download it again.

[15.07.2022 - 15:31:45] (INFO)    Querying last file for Sodium Extra (Loader: Fabric; MC Version: 1.18.2)...
[15.07.2022 - 15:31:47] (INFO)    A file has been found!
[15.07.2022 - 15:31:47] (INFO)    A previous download exist. We will check if the mods was updated.
[15.07.2022 - 15:31:47] (DEBUG)   We should download https://edge.forgecdn.net/files/3821/6/sodium-extra-0.4.5+mc1.18.2-build.42.jar to E:\Games\Minecraft\#Setup_Minecraft\1.18.2\Mods\NoOptifine\sodium-extra-0.4.5+mc1.18.2-build.42.jar

[15.07.2022 - 15:31:47] (INFO)    Querying last file for ToolTipFix (Loader: Fabric; MC Version: 1.18.2)...
[15.07.2022 - 15:31:54] (INFO)    A file has been found!
[15.07.2022 - 15:31:54] (INFO)    A previous download exist. We will check if the mods was updated.
[15.07.2022 - 15:31:54] (INFO)    There is no modification for this mod. We will not download it again.

[15.07.2022 - 15:31:54] (INFO)    Querying last file for Tweakeroo (Loader: Fabric; MC Version: 1.18.2)...
[15.07.2022 - 15:31:59] (INFO)    A file has been found!
[15.07.2022 - 15:31:59] (INFO)    A previous download exist. We will check if the mods was updated.
[15.07.2022 - 15:31:59] (INFO)    There is no modification for this mod. We will not download it again.

[15.07.2022 - 15:31:59] (INFO)    Querying last file for WorldEdit (Loader: Fabric; MC Version: 1.18.2)...
[15.07.2022 - 15:32:03] (INFO)    A file has been found!
[15.07.2022 - 15:32:03] (INFO)    A previous download exist. We will check if the mods was updated.
[15.07.2022 - 15:32:03] (INFO)    There is no modification for this mod. We will not download it again.

[15.07.2022 - 15:32:03] (INFO)    Querying last file for WTHIT (Loader: Fabric; MC Version: 1.18.2)...
[15.07.2022 - 15:32:06] (INFO)    A file has been found!
[15.07.2022 - 15:32:06] (INFO)    A previous download exist. We will check if the mods was updated.
[15.07.2022 - 15:32:06] (INFO)    The mods has been updated! (4.10.3 -> 4.11.0)
[15.07.2022 - 15:32:06] (DEBUG)   We should download https://edge.forgecdn.net/files/3834/227/wthit-fabric-4.11.0.jar to E:\Games\Minecraft\#Setup_Minecraft\1.18.2\Mods\wthit-fabric-4.11.0.jar

[15.07.2022 - 15:32:06] (INFO)    Querying last file for Xaeros Minimap (Loader: Fabric; MC Version: 1.18.2)...
[15.07.2022 - 15:32:22] (INFO)    A file has been found!
[15.07.2022 - 15:32:22] (INFO)    A previous download exist. We will check if the mods was updated.
[15.07.2022 - 15:32:22] (INFO)    The mods has been updated! (22.9.0 -> 22.12.0)
[15.07.2022 - 15:32:22] (DEBUG)   We should download https://chocolateminecraft.com/mods2/minimap/Xaeros_Minimap_22.12.0_Fabric_1.18.2.jar to E:\Games\Minecraft\#Setup_Minecraft\1.18.2\Mods\Xaeros_Minimap_22.12.0_Fabric_1.18.2.jar

[15.07.2022 - 15:32:22] (INFO)    Querying last file for Xaeros WorldMap (Loader: Fabric; MC Version: 1.18.2)...
[15.07.2022 - 15:32:32] (INFO)    A file has been found!
[15.07.2022 - 15:32:32] (INFO)    A previous download exist. We will check if the mods was updated.
[15.07.2022 - 15:32:32] (INFO)    The mods has been updated! (1.23.1 -> 1.26.1)
[15.07.2022 - 15:32:32] (DEBUG)   We should download https://chocolateminecraft.com/mods2/worldmap/XaerosWorldMap_1.26.1_Fabric_1.18.2.jar to E:\Games\Minecraft\#Setup_Minecraft\1.18.2\Mods\XaerosWorldMap_1.26.1_Fabric_1.18.2.jar

[15.07.2022 - 15:32:32] (INFO)    Querying last file for Zoomify (Loader: Fabric; MC Version: 1.18.2)...
[15.07.2022 - 15:32:34] (INFO)    A file has been found!
[15.07.2022 - 15:32:34] (INFO)    A previous download exist. We will check if the mods was updated.
[15.07.2022 - 15:32:34] (INFO)    There is no modification for this mod. We will not download it again.

[15.07.2022 - 15:32:34] (INFO)    Export mods session information to CSV 'E:\Games\Minecraft\#Setup_Minecraft\#Scripts\csv\MC_1.18.2-2022.07.15_15.27.csv'
[15.07.2022 - 15:32:34] (SUCCESS) Mods list has been exported successfully!

[15.07.2022 - 15:32:34] (INFO)    Export Discord markdown lines to files...

[15.07.2022 - 15:32:34] (INFO)    Export website text lines to files...

                                                                                      *************************************
                                                                                      *                                   *
                                                                                      *      Download MC 1.18.2 Mods      *
                                                                                      *             2022.07.15            *
                                                                                      *             End 15:32             *
                                                                                      *                                   *
                                                                                      *************************************
