                                                                                  *************************************
                                                                                  *                                   *
                                                                                  *      Download MC 1.19.0 Mods      *
                                                                                  *             2022.08.14            *
                                                                                  *            Start 20:57            *
                                                                                  *                                   *
                                                                                  *************************************

[14.08.2022 - 20:57:10] (INFO)    Testing if directory exist...
[14.08.2022 - 20:57:10] (INFO)    Base folder 'E:\Games\Minecraft\#Setup_Minecraft\1.19.0' exists. We check subfolders...
[14.08.2022 - 20:57:10] (SUCCESS) Folder 'E:\Games\Minecraft\#Setup_Minecraft\1.19.0\#GoC' exists!
[14.08.2022 - 20:57:10] (SUCCESS) Folder 'E:\Games\Minecraft\#Setup_Minecraft\1.19.0\#GoC\mods' exists!
[14.08.2022 - 20:57:10] (SUCCESS) Folder 'E:\Games\Minecraft\#Setup_Minecraft\1.19.0\#GoC\modsNoOptifine' exists!
[14.08.2022 - 20:57:10] (SUCCESS) Folder 'E:\Games\Minecraft\#Setup_Minecraft\1.19.0\#GoC\ressourcepacks' exists!
[14.08.2022 - 20:57:10] (SUCCESS) Folder 'E:\Games\Minecraft\#Setup_Minecraft\1.19.0\#GoC\shaders' exists!
[14.08.2022 - 20:57:10] (SUCCESS) Folder 'E:\Games\Minecraft\#Setup_Minecraft\1.19.0\Mods' exists!
[14.08.2022 - 20:57:10] (SUCCESS) Folder 'E:\Games\Minecraft\#Setup_Minecraft\1.19.0\Mods\NoOptifine' exists!
[14.08.2022 - 20:57:10] (SUCCESS) Folder 'E:\Games\Minecraft\#Setup_Minecraft\1.19.0\Ressources' exists!
[14.08.2022 - 20:57:10] (SUCCESS) Folder 'E:\Games\Minecraft\#Setup_Minecraft\1.19.0\Shaders' exists!

[14.08.2022 - 20:57:10] (INFO)    Checking if we already download mods...
[14.08.2022 - 20:57:10] (INFO)    We already downloaded mods. We will download only new version

[14.08.2022 - 20:57:10] (INFO)    Download updated mods
[14.08.2022 - 20:57:10] (INFO)    Querying last file for AdvancementInfo (Loader: Fabric; MC Version: 1.19)...
[14.08.2022 - 20:57:10] (INFO)    A file has been found!
[14.08.2022 - 20:57:10] (INFO)    A previous download exist. We will check if the mods was updated.
[14.08.2022 - 20:57:10] (INFO)    There is no modification for this mod. We will not download it again.

[14.08.2022 - 20:57:10] (INFO)    Querying last file for Advancements Enlarger (Loader: Fabric; MC Version: 1.19)...
[14.08.2022 - 20:57:18] (WARNING) No files found.

[14.08.2022 - 20:57:18] (INFO)    Querying last file for AppleSkin (Loader: Fabric; MC Version: 1.19)...
[14.08.2022 - 20:57:22] (INFO)    A file has been found!
[14.08.2022 - 20:57:22] (INFO)    A previous download exist. We will check if the mods was updated.
[14.08.2022 - 20:57:22] (INFO)    There is no modification for this mod. We will not download it again.

[14.08.2022 - 20:57:22] (INFO)    Querying last file for Architectury API (Fabric/Forge) (Loader: Fabric; MC Version: 1.19)...
[14.08.2022 - 20:57:24] (INFO)    A file has been found!
[14.08.2022 - 20:57:24] (INFO)    A previous download exist. We will check if the mods was updated.
[14.08.2022 - 20:57:24] (INFO)    There is no modification for this mod. We will not download it again.

[14.08.2022 - 20:57:24] (INFO)    Querying last file for Atmosfera (Loader: Fabric; MC Version: 1.19)...
[14.08.2022 - 20:57:37] (WARNING) No files found.

[14.08.2022 - 20:57:37] (INFO)    Querying last file for bad packets (Loader: Fabric; MC Version: 1.19)...
[14.08.2022 - 20:57:38] (INFO)    A file has been found!
[14.08.2022 - 20:57:38] (INFO)    A previous download exist. We will check if the mods was updated.
[14.08.2022 - 20:57:38] (INFO)    There is no modification for this mod. We will not download it again.

[14.08.2022 - 20:57:38] (INFO)    Querying last file for Better Birch Leaves Add-on (Loader: Fabric; MC Version: 1.19)...
[14.08.2022 - 20:57:38] (WARNING) No files found.

[14.08.2022 - 20:57:38] (INFO)    Querying last file for Better Dropped Items (Loader: Fabric; MC Version: 1.19)...
[14.08.2022 - 20:57:39] (INFO)    A file has been found!
[14.08.2022 - 20:57:39] (INFO)    A previous download exist. We will check if the mods was updated.
[14.08.2022 - 20:57:39] (INFO)    There is no modification for this mod. We will not download it again.

[14.08.2022 - 20:57:39] (INFO)    Querying last file for Better Spruce Leaves Add-on (Loader: Fabric; MC Version: 1.19)...
[14.08.2022 - 20:57:39] (WARNING) No files found.

[14.08.2022 - 20:57:39] (INFO)    Querying last file for Better Third Person (Loader: Fabric; MC Version: 1.19)...
[14.08.2022 - 20:57:56] (INFO)    A file has been found!
[14.08.2022 - 20:57:56] (INFO)    A previous download exist. We will check if the mods was updated.
[14.08.2022 - 20:57:56] (INFO)    There is no modification for this mod. We will not download it again.

[14.08.2022 - 20:57:56] (INFO)    Querying last file for BetterF3 (Loader: Fabric; MC Version: 1.19)...
[14.08.2022 - 20:57:57] (INFO)    A file has been found!
[14.08.2022 - 20:57:57] (INFO)    A previous download exist. We will check if the mods was updated.
[14.08.2022 - 20:57:57] (INFO)    There is no modification for this mod. We will not download it again.

[14.08.2022 - 20:57:57] (INFO)    Querying last file for BSL Shaders (Loader: Fabric; MC Version: 1.19)...
[14.08.2022 - 20:58:01] (WARNING) No files found.

[14.08.2022 - 20:58:01] (INFO)    Querying last file for Charm (Loader: Fabric; MC Version: 1.19)...
[14.08.2022 - 20:58:20] (INFO)    A file has been found!
[14.08.2022 - 20:58:20] (INFO)    A previous download exist. We will check if the mods was updated.
[14.08.2022 - 20:58:20] (INFO)    There is no modification for this mod. We will not download it again.

[14.08.2022 - 20:58:20] (INFO)    Querying last file for Cloth Config API (Fabric/Forge) (Loader: Fabric; MC Version: 1.19)...
[14.08.2022 - 20:58:21] (INFO)    A file has been found!
[14.08.2022 - 20:58:21] (INFO)    A previous download exist. We will check if the mods was updated.
[14.08.2022 - 20:58:21] (INFO)    There is no modification for this mod. We will not download it again.

[14.08.2022 - 20:58:21] (INFO)    Querying last file for Complementary Shaders v4 (Loader: Fabric; MC Version: 1.19)...
[14.08.2022 - 20:58:25] (WARNING) No files found.

[14.08.2022 - 20:58:25] (INFO)    Querying last file for Continuity (Loader: Fabric; MC Version: 1.19)...
[14.08.2022 - 20:58:26] (INFO)    A file has been found!
[14.08.2022 - 20:58:26] (INFO)    A previous download exist. We will check if the mods was updated.
[14.08.2022 - 20:58:26] (INFO)    There is no modification for this mod. We will not download it again.

[14.08.2022 - 20:58:26] (INFO)    Querying last file for CraftPresence (Loader: Fabric; MC Version: 1.19)...
[14.08.2022 - 20:58:43] (INFO)    A file has been found!
[14.08.2022 - 20:58:43] (INFO)    A previous download exist. We will check if the mods was updated.
[14.08.2022 - 20:58:43] (INFO)    There is no modification for this mod. We will not download it again.

[14.08.2022 - 20:58:43] (INFO)    Querying last file for Dark Loading Screen (Loader: Fabric; MC Version: 1.19)...
[14.08.2022 - 20:58:46] (INFO)    A file has been found!
[14.08.2022 - 20:58:46] (INFO)    A previous download exist. We will check if the mods was updated.
[14.08.2022 - 20:58:46] (INFO)    There is no modification for this mod. We will not download it again.

[14.08.2022 - 20:58:46] (INFO)    Querying last file for Diggus Maximus (Loader: Fabric; MC Version: 1.19)...
[14.08.2022 - 20:58:46] (INFO)    A file has been found!
[14.08.2022 - 20:58:46] (INFO)    A previous download exist. We will check if the mods was updated.
[14.08.2022 - 20:58:46] (INFO)    There is no modification for this mod. We will not download it again.

[14.08.2022 - 20:58:46] (INFO)    Querying last file for Dramatic Skys (Loader: Fabric; MC Version: 1.19)...
[14.08.2022 - 20:58:47] (INFO)    A file has been found!
[14.08.2022 - 20:58:47] (INFO)    A previous download exist. We will check if the mods was updated.
[14.08.2022 - 20:58:47] (INFO)    There is no modification for this mod. We will not download it again.

[14.08.2022 - 20:58:47] (INFO)    Querying last file for EditSign (Forge&Fabric) (Loader: Fabric; MC Version: 1.19)...
[14.08.2022 - 20:58:47] (INFO)    A file has been found!
[14.08.2022 - 20:58:47] (INFO)    A previous download exist. We will check if the mods was updated.
[14.08.2022 - 20:58:47] (INFO)    There is no modification for this mod. We will not download it again.

[14.08.2022 - 20:58:47] (INFO)    Querying last file for Effective 💦 (Loader: Fabric; MC Version: 1.19)...
[14.08.2022 - 20:58:48] (INFO)    A file has been found!
[14.08.2022 - 20:58:48] (INFO)    A previous download exist. We will check if the mods was updated.
[14.08.2022 - 20:58:48] (INFO)    There is no modification for this mod. We will not download it again.

[14.08.2022 - 20:58:48] (INFO)    Querying last file for Enchanted ToolTips (Loader: Fabric; MC Version: 1.19)...
[14.08.2022 - 20:58:48] (INFO)    A file has been found!
[14.08.2022 - 20:58:48] (INFO)    A previous download exist. We will check if the mods was updated.
[14.08.2022 - 20:58:48] (INFO)    There is no modification for this mod. We will not download it again.

[14.08.2022 - 20:58:48] (INFO)    Querying last file for Enhanced Attack Indicator (Loader: Fabric; MC Version: 1.19)...
[14.08.2022 - 20:58:49] (INFO)    A file has been found!
[14.08.2022 - 20:58:49] (INFO)    A previous download exist. We will check if the mods was updated.
[14.08.2022 - 20:58:49] (INFO)    There is no modification for this mod. We will not download it again.

[14.08.2022 - 20:58:49] (INFO)    Querying last file for Experience Container [XP] (Loader: Fabric; MC Version: 1.19)...
[14.08.2022 - 20:58:50] (WARNING) No files found.

[14.08.2022 - 20:58:50] (INFO)    Querying last file for Fabric API (Loader: Fabric; MC Version: 1.19)...
[14.08.2022 - 20:58:52] (INFO)    A file has been found!
[14.08.2022 - 20:58:52] (INFO)    A previous download exist. We will check if the mods was updated.
[14.08.2022 - 20:58:52] (INFO)    There is no modification for this mod. We will not download it again.

[14.08.2022 - 20:58:52] (INFO)    Querying last file for Fabric Capes (Loader: Fabric; MC Version: 1.19)...
[14.08.2022 - 20:58:52] (INFO)    A file has been found!
[14.08.2022 - 20:58:52] (INFO)    A previous download exist. We will check if the mods was updated.
[14.08.2022 - 20:58:52] (INFO)    There is no modification for this mod. We will not download it again.

[14.08.2022 - 20:58:52] (INFO)    Querying last file for Fabric Language Kotlin (Loader: Fabric; MC Version: 1.19)...
[14.08.2022 - 20:58:54] (INFO)    A file has been found!
[14.08.2022 - 20:58:54] (INFO)    A previous download exist. We will check if the mods was updated.
[14.08.2022 - 20:58:54] (INFO)    There is no modification for this mod. We will not download it again.

[14.08.2022 - 20:58:54] (INFO)    Querying last file for Fabric Loader (Loader: Fabric; MC Version: 1.19)...
[14.08.2022 - 20:58:56] (INFO)    A file has been found!
[14.08.2022 - 20:58:56] (INFO)    A previous download exist. We will check if the mods was updated.
[14.08.2022 - 20:58:56] (INFO)    There is no modification for this mod. We will not download it again.

[14.08.2022 - 20:58:56] (INFO)    Querying last file for Faithful 32x (Loader: Fabric; MC Version: 1.19)...
[14.08.2022 - 20:59:10] (INFO)    A file has been found!
[14.08.2022 - 20:59:10] (INFO)    A previous download exist. We will check if the mods was updated.
[14.08.2022 - 20:59:10] (INFO)    There is no modification for this mod. We will not download it again.

[14.08.2022 - 20:59:10] (INFO)    Querying last file for Falling Leaves (Fabric) (Loader: Fabric; MC Version: 1.19)...
[14.08.2022 - 20:59:10] (INFO)    A file has been found!
[14.08.2022 - 20:59:10] (INFO)    A previous download exist. We will check if the mods was updated.
[14.08.2022 - 20:59:10] (INFO)    There is no modification for this mod. We will not download it again.

[14.08.2022 - 20:59:10] (INFO)    Querying last file for FallingTree (Forge&Fabric) (Loader: Fabric; MC Version: 1.19)...
[14.08.2022 - 20:59:11] (INFO)    A file has been found!
[14.08.2022 - 20:59:11] (INFO)    A previous download exist. We will check if the mods was updated.
[14.08.2022 - 20:59:11] (INFO)    There is no modification for this mod. We will not download it again.

[14.08.2022 - 20:59:11] (INFO)    Querying last file for FerriteCore (Fabric) (Loader: Fabric; MC Version: 1.19)...
[14.08.2022 - 20:59:12] (INFO)    A file has been found!
[14.08.2022 - 20:59:12] (INFO)    A previous download exist. We will check if the mods was updated.
[14.08.2022 - 20:59:12] (INFO)    There is no modification for this mod. We will not download it again.

[14.08.2022 - 20:59:12] (INFO)    Querying last file for Held Item Info (Loader: Fabric; MC Version: 1.19)...
[14.08.2022 - 20:59:12] (INFO)    A file has been found!
[14.08.2022 - 20:59:12] (INFO)    A previous download exist. We will check if the mods was updated.
[14.08.2022 - 20:59:12] (INFO)    There is no modification for this mod. We will not download it again.

[14.08.2022 - 20:59:12] (INFO)    Querying last file for Horse Stats Vanilla (Fabric) (Loader: Fabric; MC Version: 1.19)...
[14.08.2022 - 20:59:17] (INFO)    A file has been found!
[14.08.2022 - 20:59:17] (INFO)    A previous download exist. We will check if the mods was updated.
[14.08.2022 - 20:59:17] (INFO)    There is no modification for this mod. We will not download it again.

[14.08.2022 - 20:59:17] (INFO)    Querying last file for Indium (Loader: Fabric; MC Version: 1.19)...
[14.08.2022 - 20:59:37] (INFO)    A file has been found!
[14.08.2022 - 20:59:37] (INFO)    A previous download exist. We will check if the mods was updated.
[14.08.2022 - 20:59:37] (INFO)    There is no modification for this mod. We will not download it again.

[14.08.2022 - 20:59:37] (INFO)    Querying last file for Inmis (Loader: Fabric; MC Version: 1.19)...
[14.08.2022 - 20:59:41] (INFO)    A file has been found!
[14.08.2022 - 20:59:41] (INFO)    A previous download exist. We will check if the mods was updated.
[14.08.2022 - 20:59:41] (INFO)    There is no modification for this mod. We will not download it again.

[14.08.2022 - 20:59:41] (INFO)    Querying last file for Inventory Hotswap (Loader: Fabric; MC Version: 1.19)...
[14.08.2022 - 21:00:04] (INFO)    A file has been found!
[14.08.2022 - 21:00:04] (INFO)    A previous download exist. We will check if the mods was updated.
[14.08.2022 - 21:00:04] (INFO)    There is no modification for this mod. We will not download it again.

[14.08.2022 - 21:00:04] (INFO)    Querying last file for Inventory HUD+ (Loader: Fabric; MC Version: 1.19)...
[14.08.2022 - 21:00:15] (INFO)    A file has been found!
[14.08.2022 - 21:00:15] (INFO)    A previous download exist. We will check if the mods was updated.
[14.08.2022 - 21:00:15] (INFO)    There is no modification for this mod. We will not download it again.

[14.08.2022 - 21:00:15] (INFO)    Querying last file for Inventory Profiles Next (Loader: Fabric; MC Version: 1.19)...
[14.08.2022 - 21:00:15] (INFO)    A file has been found!
[14.08.2022 - 21:00:15] (INFO)    A previous download exist. We will check if the mods was updated.
[14.08.2022 - 21:00:15] (INFO)    There is no modification for this mod. We will not download it again.

[14.08.2022 - 21:00:15] (INFO)    Querying last file for Iris Shaders (Loader: Fabric; MC Version: 1.19)...
[14.08.2022 - 21:00:17] (INFO)    A file has been found!
[14.08.2022 - 21:00:17] (INFO)    A previous download exist. We will check if the mods was updated.
[14.08.2022 - 21:00:17] (INFO)    There is no modification for this mod. We will not download it again.

[14.08.2022 - 21:00:17] (INFO)    Querying last file for Item Scroller (Loader: Fabric; MC Version: 1.19)...
[14.08.2022 - 21:00:23] (INFO)    A file has been found!
[14.08.2022 - 21:00:23] (INFO)    A previous download exist. We will check if the mods was updated.
[14.08.2022 - 21:00:23] (INFO)    There is no modification for this mod. We will not download it again.

[14.08.2022 - 21:00:23] (INFO)    Querying last file for Jerm's Better Leaves Add-on (Loader: Fabric; MC Version: 1.19)...
[14.08.2022 - 21:00:25] (INFO)    A file has been found!
[14.08.2022 - 21:00:25] (INFO)    A previous download exist. We will check if the mods was updated.
[14.08.2022 - 21:00:25] (INFO)    There is no modification for this mod. We will not download it again.

[14.08.2022 - 21:00:25] (INFO)    Querying last file for LambdaBetterGrass (Loader: Fabric; MC Version: 1.19)...
[14.08.2022 - 21:00:25] (INFO)    A file has been found!
[14.08.2022 - 21:00:25] (INFO)    A previous download exist. We will check if the mods was updated.
[14.08.2022 - 21:00:25] (INFO)    There is no modification for this mod. We will not download it again.

[14.08.2022 - 21:00:25] (INFO)    Querying last file for LambDynamicLights (Loader: Fabric; MC Version: 1.19)...
[14.08.2022 - 21:00:41] (INFO)    A file has been found!
[14.08.2022 - 21:00:41] (INFO)    A previous download exist. We will check if the mods was updated.
[14.08.2022 - 21:00:41] (INFO)    There is no modification for this mod. We will not download it again.

[14.08.2022 - 21:00:41] (INFO)    Querying last file for Light Overlay (Rift/Forge/Fabric) (Loader: Fabric; MC Version: 1.19)...
[14.08.2022 - 21:00:42] (INFO)    A file has been found!
[14.08.2022 - 21:00:42] (INFO)    A previous download exist. We will check if the mods was updated.
[14.08.2022 - 21:00:42] (INFO)    There is no modification for this mod. We will not download it again.

[14.08.2022 - 21:00:42] (INFO)    Querying last file for Litematica (Loader: Fabric; MC Version: 1.19)...
[14.08.2022 - 21:00:45] (INFO)    A file has been found!
[14.08.2022 - 21:00:45] (INFO)    A previous download exist. We will check if the mods was updated.
[14.08.2022 - 21:00:45] (INFO)    There is no modification for this mod. We will not download it again.

[14.08.2022 - 21:00:45] (INFO)    Querying last file for Lithium (Fabric) (Loader: Fabric; MC Version: 1.19)...
[14.08.2022 - 21:00:46] (INFO)    A file has been found!
[14.08.2022 - 21:00:46] (INFO)    A previous download exist. We will check if the mods was updated.
[14.08.2022 - 21:00:46] (INFO)    There is no modification for this mod. We will not download it again.

[14.08.2022 - 21:00:46] (INFO)    Querying last file for MaLiLib (Loader: Fabric; MC Version: 1.19)...
[14.08.2022 - 21:00:46] (INFO)    A file has been found!
[14.08.2022 - 21:00:46] (INFO)    A previous download exist. We will check if the mods was updated.
[14.08.2022 - 21:00:46] (INFO)    There is no modification for this mod. We will not download it again.

[14.08.2022 - 21:00:46] (INFO)    Querying last file for MAmbience (Loader: Fabric; MC Version: 1.19)...
[14.08.2022 - 21:00:48] (INFO)    A file has been found!
[14.08.2022 - 21:00:48] (INFO)    A previous download exist. We will check if the mods was updated.
[14.08.2022 - 21:00:48] (INFO)    There is no modification for this mod. We will not download it again.

[14.08.2022 - 21:00:48] (INFO)    Querying last file for MiniHUD (Loader: Fabric; MC Version: 1.19)...
[14.08.2022 - 21:00:54] (INFO)    A file has been found!
[14.08.2022 - 21:00:54] (INFO)    A previous download exist. We will check if the mods was updated.
[14.08.2022 - 21:00:54] (INFO)    There is no modification for this mod. We will not download it again.

[14.08.2022 - 21:00:54] (INFO)    Querying last file for Mod Menu (Loader: Fabric; MC Version: 1.19)...
[14.08.2022 - 21:00:55] (INFO)    A file has been found!
[14.08.2022 - 21:00:55] (INFO)    A previous download exist. We will check if the mods was updated.
[14.08.2022 - 21:00:55] (INFO)    There is no modification for this mod. We will not download it again.

[14.08.2022 - 21:00:55] (INFO)    Querying last file for OptiFabric (Loader: Fabric; MC Version: 1.19)...
[14.08.2022 - 21:00:57] (INFO)    A file has been found!
[14.08.2022 - 21:00:57] (INFO)    A previous download exist. We will check if the mods was updated.
[14.08.2022 - 21:00:57] (INFO)    There is no modification for this mod. We will not download it again.

[14.08.2022 - 21:00:57] (INFO)    Querying last file for OptiFine (Loader: Fabric; MC Version: 1.19)...
[14.08.2022 - 21:01:07] (INFO)    A file has been found!
[14.08.2022 - 21:01:07] (INFO)    A previous download exist. We will check if the mods was updated.
[14.08.2022 - 21:01:07] (INFO)    There is no modification for this mod. We will not download it again.

[14.08.2022 - 21:01:07] (INFO)    Querying last file for Phosphor (Fabric) (Loader: Fabric; MC Version: 1.19)...
[14.08.2022 - 21:01:08] (INFO)    A file has been found!
[14.08.2022 - 21:01:08] (INFO)    A previous download exist. We will check if the mods was updated.
[14.08.2022 - 21:01:08] (INFO)    There is no modification for this mod. We will not download it again.

[14.08.2022 - 21:01:08] (INFO)    Querying last file for Potion Descriptions (Fabric) (Loader: Fabric; MC Version: 1.19)...
[14.08.2022 - 21:01:14] (WARNING) No files found.

[14.08.2022 - 21:01:14] (INFO)    Querying last file for Presence Footsteps [Fabric] (Loader: Fabric; MC Version: 1.19)...
[14.08.2022 - 21:01:24] (INFO)    A file has been found!
[14.08.2022 - 21:01:24] (INFO)    A previous download exist. We will check if the mods was updated.
[14.08.2022 - 21:01:24] (INFO)    There is no modification for this mod. We will not download it again.

[14.08.2022 - 21:01:24] (INFO)    Querying last file for Reese's Sodium Options (Loader: Fabric; MC Version: 1.19)...
[14.08.2022 - 21:01:24] (INFO)    A file has been found!
[14.08.2022 - 21:01:24] (INFO)    A previous download exist. We will check if the mods was updated.
[14.08.2022 - 21:01:24] (INFO)    There is no modification for this mod. We will not download it again.

[14.08.2022 - 21:01:24] (INFO)    Querying last file for Replay Mod (Loader: Fabric; MC Version: 1.19)...
[14.08.2022 - 21:01:42] (INFO)    A file has been found!
[14.08.2022 - 21:01:42] (INFO)    A previous download exist. We will check if the mods was updated.
[14.08.2022 - 21:01:42] (INFO)    There is no modification for this mod. We will not download it again.

[14.08.2022 - 21:01:42] (INFO)    Querying last file for Roughly Enough Items Fabric/Forge (REI) (Loader: Fabric; MC Version: 1.19)...
[14.08.2022 - 21:01:48] (INFO)    A file has been found!
[14.08.2022 - 21:01:48] (INFO)    A previous download exist. We will check if the mods was updated.
[14.08.2022 - 21:01:48] (INFO)    The mods has been updated! (9.1.526 -> 9.1.528)
[14.08.2022 - 21:01:51] (INFO)    A previous file exist. Renaming...
[14.08.2022 - 21:02:33] (SUCCESS) Previous file has been renamed!
[14.08.2022 - 21:02:39] (INFO)    Downloading the new version of the mod...
[14.08.2022 - 21:02:46] (SUCCESS) The mod has been downloaded successfully!

[14.08.2022 - 21:02:46] (INFO)    Querying last file for Shield Corrections Colored (Loader: Fabric; MC Version: 1.19)...
[14.08.2022 - 21:02:47] (INFO)    A file has been found!
[14.08.2022 - 21:02:47] (INFO)    A previous download exist. We will check if the mods was updated.
[14.08.2022 - 21:02:47] (INFO)    There is no modification for this mod. We will not download it again.

[14.08.2022 - 21:02:47] (INFO)    Querying last file for Shield Corrections Regular (Loader: Fabric; MC Version: 1.19)...
[14.08.2022 - 21:02:47] (INFO)    A file has been found!
[14.08.2022 - 21:02:47] (INFO)    A previous download exist. We will check if the mods was updated.
[14.08.2022 - 21:02:47] (INFO)    There is no modification for this mod. We will not download it again.

[14.08.2022 - 21:02:47] (INFO)    Querying last file for ShulkerBoxTooltip (Loader: Fabric; MC Version: 1.19)...
[14.08.2022 - 21:02:47] (INFO)    A file has been found!
[14.08.2022 - 21:02:47] (INFO)    A previous download exist. We will check if the mods was updated.
[14.08.2022 - 21:02:47] (INFO)    There is no modification for this mod. We will not download it again.

[14.08.2022 - 21:02:47] (INFO)    Querying last file for Sodium (Loader: Fabric; MC Version: 1.19)...
[14.08.2022 - 21:02:48] (INFO)    A file has been found!
[14.08.2022 - 21:02:48] (INFO)    A previous download exist. We will check if the mods was updated.
[14.08.2022 - 21:02:48] (INFO)    There is no modification for this mod. We will not download it again.

[14.08.2022 - 21:02:48] (INFO)    Querying last file for Sodium Extra (Loader: Fabric; MC Version: 1.19)...
[14.08.2022 - 21:02:48] (INFO)    A file has been found!
[14.08.2022 - 21:02:48] (INFO)    A previous download exist. We will check if the mods was updated.
[14.08.2022 - 21:02:48] (INFO)    There is no modification for this mod. We will not download it again.

[14.08.2022 - 21:02:48] (INFO)    Querying last file for ToolTipFix (Loader: Fabric; MC Version: 1.19)...
[14.08.2022 - 21:02:58] (INFO)    A file has been found!
[14.08.2022 - 21:02:58] (INFO)    A previous download exist. We will check if the mods was updated.
[14.08.2022 - 21:02:58] (INFO)    There is no modification for this mod. We will not download it again.

[14.08.2022 - 21:02:58] (INFO)    Querying last file for Tweakeroo (Loader: Fabric; MC Version: 1.19)...
[14.08.2022 - 21:02:58] (INFO)    A file has been found!
[14.08.2022 - 21:02:58] (INFO)    A previous download exist. We will check if the mods was updated.
[14.08.2022 - 21:02:58] (INFO)    There is no modification for this mod. We will not download it again.

[14.08.2022 - 21:02:58] (INFO)    Querying last file for WorldEdit (Loader: Fabric; MC Version: 1.19)...
[14.08.2022 - 21:02:59] (INFO)    A file has been found!
[14.08.2022 - 21:02:59] (INFO)    A previous download exist. We will check if the mods was updated.
[14.08.2022 - 21:02:59] (INFO)    There is no modification for this mod. We will not download it again.

[14.08.2022 - 21:02:59] (INFO)    Querying last file for WTHIT (Loader: Fabric; MC Version: 1.19)...
[14.08.2022 - 21:02:59] (INFO)    A file has been found!
[14.08.2022 - 21:02:59] (INFO)    A previous download exist. We will check if the mods was updated.
[14.08.2022 - 21:02:59] (INFO)    There is no modification for this mod. We will not download it again.

[14.08.2022 - 21:02:59] (INFO)    Querying last file for Xaeros Minimap (Loader: Fabric; MC Version: 1.19)...
[14.08.2022 - 21:03:08] (INFO)    A file has been found!
[14.08.2022 - 21:03:08] (INFO)    A previous download exist. We will check if the mods was updated.
[14.08.2022 - 21:03:08] (INFO)    There is no modification for this mod. We will not download it again.

[14.08.2022 - 21:03:08] (INFO)    Querying last file for Xaeros WorldMap (Loader: Fabric; MC Version: 1.19)...
[14.08.2022 - 21:03:14] (INFO)    A file has been found!
[14.08.2022 - 21:03:14] (INFO)    A previous download exist. We will check if the mods was updated.
[14.08.2022 - 21:03:14] (INFO)    There is no modification for this mod. We will not download it again.

[14.08.2022 - 21:03:14] (INFO)    Querying last file for Zoomify (Loader: Fabric; MC Version: 1.19)...
[14.08.2022 - 21:03:14] (INFO)    A file has been found!
[14.08.2022 - 21:03:14] (INFO)    A previous download exist. We will check if the mods was updated.
[14.08.2022 - 21:03:14] (INFO)    There is no modification for this mod. We will not download it again.

[14.08.2022 - 21:03:14] (INFO)    Export mods session information to CSV 'E:\Games\Minecraft\#Setup_Minecraft\#Scripts\Minecraft-Mods\csv\MC_1.19.0-2022.08.14_20.57.csv'
[14.08.2022 - 21:03:14] (SUCCESS) Mods list has been exported successfully!

------------------------------------------------------------

[14.08.2022 - 21:03:14] (INFO)    Summary:
	Mods GoC:

	Mods GoC No Optifine:

	Ressources GoC:

	Shaders GoC:

------------------------------------------------------------

                                                                                  *************************************
                                                                                  *                                   *
                                                                                  *      Download MC 1.19.0 Mods      *
                                                                                  *             2022.08.14            *
                                                                                  *             End 21:03             *
                                                                                  *                                   *
                                                                                  *************************************
