                                                                                  *************************************
                                                                                  *                                   *
                                                                                  *      Download MC 1.19.0 Mods      *
                                                                                  *             2022.08.14            *
                                                                                  *            Start 20:55            *
                                                                                  *                                   *
                                                                                  *************************************

[14.08.2022 - 20:55:42] (INFO)    Testing if directory exist...
[14.08.2022 - 20:55:42] (INFO)    Base folder 'E:\Games\Minecraft\#Setup_Minecraft\1.19.0' exists. We check subfolders...
[14.08.2022 - 20:55:42] (SUCCESS) Folder 'E:\Games\Minecraft\#Setup_Minecraft\1.19.0\#GoC' exists!
[14.08.2022 - 20:55:42] (SUCCESS) Folder 'E:\Games\Minecraft\#Setup_Minecraft\1.19.0\#GoC\mods' exists!
[14.08.2022 - 20:55:42] (SUCCESS) Folder 'E:\Games\Minecraft\#Setup_Minecraft\1.19.0\#GoC\modsNoOptifine' exists!
[14.08.2022 - 20:55:42] (SUCCESS) Folder 'E:\Games\Minecraft\#Setup_Minecraft\1.19.0\#GoC\ressourcepacks' exists!
[14.08.2022 - 20:55:42] (SUCCESS) Folder 'E:\Games\Minecraft\#Setup_Minecraft\1.19.0\#GoC\shaders' exists!
[14.08.2022 - 20:55:42] (SUCCESS) Folder 'E:\Games\Minecraft\#Setup_Minecraft\1.19.0\Mods' exists!
[14.08.2022 - 20:55:42] (SUCCESS) Folder 'E:\Games\Minecraft\#Setup_Minecraft\1.19.0\Mods\NoOptifine' exists!
[14.08.2022 - 20:55:42] (SUCCESS) Folder 'E:\Games\Minecraft\#Setup_Minecraft\1.19.0\Ressources' exists!
[14.08.2022 - 20:55:42] (SUCCESS) Folder 'E:\Games\Minecraft\#Setup_Minecraft\1.19.0\Shaders' exists!

[14.08.2022 - 20:55:42] (INFO)    Checking if we already download mods...
[14.08.2022 - 20:55:42] (INFO)    We already downloaded mods. We will download only new version

[14.08.2022 - 20:55:42] (INFO)    Download updated mods
[14.08.2022 - 20:55:43] (INFO)    Querying last file for AdvancementInfo (Loader: Fabric; MC Version: 1.19)...
[14.08.2022 - 20:55:43] (WARNING) No files found.

[14.08.2022 - 20:55:43] (INFO)    Querying last file for Advancements Enlarger (Loader: Fabric; MC Version: 1.19)...
[14.08.2022 - 20:55:45] (WARNING) No files found.

[14.08.2022 - 20:55:45] (INFO)    Querying last file for AppleSkin (Loader: Fabric; MC Version: 1.19)...
[14.08.2022 - 20:55:47] (WARNING) No files found.

[14.08.2022 - 20:55:47] (INFO)    Querying last file for Architectury API (Fabric/Forge) (Loader: Fabric; MC Version: 1.19)...
[14.08.2022 - 20:55:48] (WARNING) No files found.

[14.08.2022 - 20:55:48] (INFO)    Querying last file for Atmosfera (Loader: Fabric; MC Version: 1.19)...
[14.08.2022 - 20:55:49] (WARNING) No files found.

[14.08.2022 - 20:55:49] (INFO)    Querying last file for bad packets (Loader: Fabric; MC Version: 1.19)...
[14.08.2022 - 20:55:51] (WARNING) No files found.

[14.08.2022 - 20:55:51] (INFO)    Querying last file for Better Birch Leaves Add-on (Loader: Fabric; MC Version: 1.19)...
[14.08.2022 - 20:55:51] (WARNING) No files found.

[14.08.2022 - 20:55:51] (INFO)    Querying last file for Better Dropped Items (Loader: Fabric; MC Version: 1.19)...
[14.08.2022 - 20:55:52] (WARNING) No files found.

[14.08.2022 - 20:55:52] (INFO)    Querying last file for Better Spruce Leaves Add-on (Loader: Fabric; MC Version: 1.19)...
[14.08.2022 - 20:55:52] (WARNING) No files found.

[14.08.2022 - 20:55:52] (INFO)    Querying last file for Better Third Person (Loader: Fabric; MC Version: 1.19)...
[14.08.2022 - 20:55:53] (WARNING) No files found.

[14.08.2022 - 20:55:53] (INFO)    Querying last file for BetterF3 (Loader: Fabric; MC Version: 1.19)...
[14.08.2022 - 20:55:53] (WARNING) No files found.

[14.08.2022 - 20:55:53] (INFO)    Querying last file for BSL Shaders (Loader: Fabric; MC Version: 1.19)...
[14.08.2022 - 20:55:55] (WARNING) No files found.

[14.08.2022 - 20:55:55] (INFO)    Querying last file for Charm (Loader: Fabric; MC Version: 1.19)...
[14.08.2022 - 20:55:55] (WARNING) No files found.

[14.08.2022 - 20:55:55] (INFO)    Querying last file for Cloth Config API (Fabric/Forge) (Loader: Fabric; MC Version: 1.19)...
[14.08.2022 - 20:55:56] (WARNING) No files found.

[14.08.2022 - 20:55:56] (INFO)    Querying last file for Complementary Shaders v4 (Loader: Fabric; MC Version: 1.19)...
[14.08.2022 - 20:55:58] (WARNING) No files found.

[14.08.2022 - 20:55:58] (INFO)    Querying last file for Continuity (Loader: Fabric; MC Version: 1.19)...
