                                                                                                *************************************
                                                                                                *                                   *
                                                                                                *      Download MC 1.19.2 Mods      *
                                                                                                *             2022.09.01            *
                                                                                                *            Start 14:32            *
                                                                                                *                                   *
                                                                                                *************************************

[01.09.2022 - 14:32:42] (INFO)    Testing if directory exist...
[01.09.2022 - 14:32:42] (INFO)    Base folder 'E:\Games\Minecraft\#Setup_Minecraft\1.19.2' exists. We check subfolders...
[01.09.2022 - 14:32:42] (SUCCESS) Folder 'E:\Games\Minecraft\#Setup_Minecraft\1.19.2\#GoC' exists!
[01.09.2022 - 14:32:42] (SUCCESS) Folder 'E:\Games\Minecraft\#Setup_Minecraft\1.19.2\#GoC\mods' exists!
[01.09.2022 - 14:32:42] (SUCCESS) Folder 'E:\Games\Minecraft\#Setup_Minecraft\1.19.2\#GoC\modsNoOptifine' exists!
[01.09.2022 - 14:32:42] (SUCCESS) Folder 'E:\Games\Minecraft\#Setup_Minecraft\1.19.2\#GoC\ressourcepacks' exists!
[01.09.2022 - 14:32:42] (SUCCESS) Folder 'E:\Games\Minecraft\#Setup_Minecraft\1.19.2\#GoC\shaders' exists!
[01.09.2022 - 14:32:42] (SUCCESS) Folder 'E:\Games\Minecraft\#Setup_Minecraft\1.19.2\Mods' exists!
[01.09.2022 - 14:32:42] (SUCCESS) Folder 'E:\Games\Minecraft\#Setup_Minecraft\1.19.2\Mods\NoOptifine' exists!
[01.09.2022 - 14:32:42] (SUCCESS) Folder 'E:\Games\Minecraft\#Setup_Minecraft\1.19.2\Ressources' exists!
[01.09.2022 - 14:32:42] (SUCCESS) Folder 'E:\Games\Minecraft\#Setup_Minecraft\1.19.2\Shaders' exists!

[01.09.2022 - 14:32:42] (INFO)    Checking if we already download mods...
[01.09.2022 - 14:32:42] (INFO)    No previous download...

[01.09.2022 - 14:32:42] (INFO)    Download updated mods
[01.09.2022 - 14:32:42] (INFO)    Querying last file for AdvancementInfo (Loader: Fabric; MC Version: 1.19.2)...
[01.09.2022 - 14:32:43] (INFO)    A file has been found!
[01.09.2022 - 14:32:43] (INFO)    No previous download. The file will be download...
[01.09.2022 - 14:32:43] (INFO)    Downloading the new version of the mod...
[01.09.2022 - 14:32:45] (SUCCESS) The mod has been downloaded successfully!

[01.09.2022 - 14:32:45] (INFO)    Querying last file for Advancements Enlarger (Loader: Fabric; MC Version: 1.19.2)...
[01.09.2022 - 14:32:46] (WARNING) No files found.

[01.09.2022 - 14:32:46] (INFO)    Querying last file for AppleSkin (Loader: Fabric; MC Version: 1.19.2)...
[01.09.2022 - 14:32:46] (INFO)    A file has been found!
[01.09.2022 - 14:32:46] (INFO)    No previous download. The file will be download...
[01.09.2022 - 14:32:46] (INFO)    Downloading the new version of the mod...
[01.09.2022 - 14:32:48] (SUCCESS) The mod has been downloaded successfully!

[01.09.2022 - 14:32:48] (INFO)    Querying last file for Architectury API (Fabric/Forge) (Loader: Fabric; MC Version: 1.19.2)...
[01.09.2022 - 14:32:48] (INFO)    A file has been found!
[01.09.2022 - 14:32:48] (INFO)    No previous download. The file will be download...
[01.09.2022 - 14:32:48] (INFO)    Downloading the new version of the mod...
[01.09.2022 - 14:32:49] (SUCCESS) The mod has been downloaded successfully!

[01.09.2022 - 14:32:49] (INFO)    Querying last file for Atmosfera (Loader: Fabric; MC Version: 1.19.2)...
[01.09.2022 - 14:32:50] (WARNING) No files found.

[01.09.2022 - 14:32:50] (INFO)    Querying last file for bad packets (Loader: Fabric; MC Version: 1.19.2)...
[01.09.2022 - 14:32:50] (INFO)    A file has been found!
[01.09.2022 - 14:32:50] (INFO)    No previous download. The file will be download...
[01.09.2022 - 14:32:50] (INFO)    Downloading the new version of the mod...
[01.09.2022 - 14:32:52] (SUCCESS) The mod has been downloaded successfully!

[01.09.2022 - 14:32:52] (INFO)    Querying last file for Better Birch Leaves Add-on (Loader: Fabric; MC Version: 1.19.2)...
[01.09.2022 - 14:32:52] (WARNING) No files found.

[01.09.2022 - 14:32:52] (INFO)    Querying last file for Better Dropped Items (Loader: Fabric; MC Version: 1.19.2)...
[01.09.2022 - 14:32:55] (WARNING) No files found.

[01.09.2022 - 14:32:55] (INFO)    Querying last file for Better Spruce Leaves Add-on (Loader: Fabric; MC Version: 1.19.2)...
[01.09.2022 - 14:32:56] (WARNING) No files found.

[01.09.2022 - 14:32:56] (INFO)    Querying last file for Better Third Person (Loader: Fabric; MC Version: 1.19.2)...
[01.09.2022 - 14:32:56] (INFO)    A file has been found!
[01.09.2022 - 14:32:56] (INFO)    No previous download. The file will be download...
[01.09.2022 - 14:32:56] (INFO)    Downloading the new version of the mod...
[01.09.2022 - 14:32:58] (SUCCESS) The mod has been downloaded successfully!

[01.09.2022 - 14:32:58] (INFO)    Querying last file for BetterF3 (Loader: Fabric; MC Version: 1.19.2)...
[01.09.2022 - 14:33:03] (INFO)    A file has been found!
[01.09.2022 - 14:33:03] (INFO)    No previous download. The file will be download...
[01.09.2022 - 14:33:03] (INFO)    Downloading the new version of the mod...
[01.09.2022 - 14:33:14] (SUCCESS) The mod has been downloaded successfully!

[01.09.2022 - 14:33:14] (INFO)    Querying last file for BSL Shaders (Loader: Fabric; MC Version: 1.19.2)...
[01.09.2022 - 14:33:14] (WARNING) No files found.

[01.09.2022 - 14:33:14] (INFO)    Querying last file for Charm (Loader: Fabric; MC Version: 1.19.2)...
[01.09.2022 - 14:33:15] (INFO)    A file has been found!
[01.09.2022 - 14:33:15] (INFO)    No previous download. The file will be download...
[01.09.2022 - 14:33:15] (INFO)    Downloading the new version of the mod...
[01.09.2022 - 14:33:25] (SUCCESS) The mod has been downloaded successfully!

[01.09.2022 - 14:33:25] (INFO)    Querying last file for Cloth Config API (Fabric/Forge) (Loader: Fabric; MC Version: 1.19.2)...
[01.09.2022 - 14:33:28] (INFO)    A file has been found!
[01.09.2022 - 14:33:28] (INFO)    No previous download. The file will be download...
[01.09.2022 - 14:33:28] (INFO)    Downloading the new version of the mod...
[01.09.2022 - 14:33:32] (SUCCESS) The mod has been downloaded successfully!

[01.09.2022 - 14:33:32] (INFO)    Querying last file for Complementary Shaders v4 (Loader: Fabric; MC Version: 1.19.2)...
[01.09.2022 - 14:33:32] (WARNING) No files found.

[01.09.2022 - 14:33:32] (INFO)    Querying last file for Continuity (Loader: Fabric; MC Version: 1.19.2)...
[01.09.2022 - 14:33:32] (INFO)    A file has been found!
[01.09.2022 - 14:33:32] (INFO)    No previous download. The file will be download...
[01.09.2022 - 14:33:32] (INFO)    Downloading the new version of the mod...
[01.09.2022 - 14:33:38] (SUCCESS) The mod has been downloaded successfully!

[01.09.2022 - 14:33:38] (INFO)    Querying last file for CraftPresence (Loader: Fabric; MC Version: 1.19.2)...
[01.09.2022 - 14:33:38] (INFO)    A file has been found!
[01.09.2022 - 14:33:38] (INFO)    No previous download. The file will be download...
[01.09.2022 - 14:33:38] (INFO)    Downloading the new version of the mod...
[01.09.2022 - 14:33:43] (SUCCESS) The mod has been downloaded successfully!

[01.09.2022 - 14:33:43] (INFO)    Querying last file for Dark Loading Screen (Loader: Fabric; MC Version: 1.19.2)...
[01.09.2022 - 14:33:43] (INFO)    A file has been found!
[01.09.2022 - 14:33:43] (INFO)    No previous download. The file will be download...
[01.09.2022 - 14:33:43] (INFO)    Downloading the new version of the mod...
[01.09.2022 - 14:33:44] (SUCCESS) The mod has been downloaded successfully!

[01.09.2022 - 14:33:44] (INFO)    Querying last file for Diggus Maximus (Loader: Fabric; MC Version: 1.19.2)...
[01.09.2022 - 14:33:45] (WARNING) No files found.

[01.09.2022 - 14:33:45] (INFO)    Querying last file for Dramatic Skys (Loader: Fabric; MC Version: 1.19.2)...
[01.09.2022 - 14:33:45] (INFO)    A file has been found!
[01.09.2022 - 14:33:45] (INFO)    No previous download. The file will be download...
[01.09.2022 - 14:33:45] (INFO)    Downloading the new version of the mod...
[01.09.2022 - 14:34:13] (SUCCESS) The mod has been downloaded successfully!

[01.09.2022 - 14:34:13] (INFO)    Querying last file for EditSign (Forge&Fabric) (Loader: Fabric; MC Version: 1.19.2)...
[01.09.2022 - 14:34:13] (INFO)    A file has been found!
[01.09.2022 - 14:34:13] (INFO)    No previous download. The file will be download...
[01.09.2022 - 14:34:13] (INFO)    Downloading the new version of the mod...
[01.09.2022 - 14:34:15] (SUCCESS) The mod has been downloaded successfully!

[01.09.2022 - 14:34:15] (INFO)    Querying last file for Effective 💦 (Loader: Fabric; MC Version: 1.19.2)...
[01.09.2022 - 14:34:16] (INFO)    A file has been found!
[01.09.2022 - 14:34:16] (INFO)    No previous download. The file will be download...
[01.09.2022 - 14:34:16] (INFO)    Downloading the new version of the mod...
[01.09.2022 - 14:34:21] (SUCCESS) The mod has been downloaded successfully!

[01.09.2022 - 14:34:21] (INFO)    Querying last file for Enchanted ToolTips (Loader: Fabric; MC Version: 1.19.2)...
[01.09.2022 - 14:34:22] (WARNING) No files found.

[01.09.2022 - 14:34:22] (INFO)    Querying last file for Enhanced Attack Indicator (Loader: Fabric; MC Version: 1.19.2)...
[01.09.2022 - 14:34:22] (INFO)    A file has been found!
[01.09.2022 - 14:34:22] (INFO)    No previous download. The file will be download...
[01.09.2022 - 14:34:22] (INFO)    Downloading the new version of the mod...
[01.09.2022 - 14:34:23] (SUCCESS) The mod has been downloaded successfully!

[01.09.2022 - 14:34:23] (INFO)    Querying last file for Experience Container [XP] (Loader: Fabric; MC Version: 1.19.2)...
[01.09.2022 - 14:34:23] (WARNING) No files found.

[01.09.2022 - 14:34:23] (INFO)    Querying last file for Fabric API (Loader: Fabric; MC Version: 1.19.2)...
[01.09.2022 - 14:34:23] (INFO)    A file has been found!
[01.09.2022 - 14:34:23] (INFO)    No previous download. The file will be download...
[01.09.2022 - 14:34:23] (INFO)    Downloading the new version of the mod...
[01.09.2022 - 14:34:27] (SUCCESS) The mod has been downloaded successfully!

[01.09.2022 - 14:34:27] (INFO)    Querying last file for Fabric Capes (Loader: Fabric; MC Version: 1.19.2)...
[01.09.2022 - 14:34:27] (INFO)    A file has been found!
[01.09.2022 - 14:34:27] (INFO)    No previous download. The file will be download...
[01.09.2022 - 14:34:27] (INFO)    Downloading the new version of the mod...
[01.09.2022 - 14:34:28] (SUCCESS) The mod has been downloaded successfully!

[01.09.2022 - 14:34:28] (INFO)    Querying last file for Fabric Language Kotlin (Loader: Fabric; MC Version: 1.19.2)...
[01.09.2022 - 14:34:36] (INFO)    A file has been found!
[01.09.2022 - 14:34:36] (INFO)    No previous download. The file will be download...
[01.09.2022 - 14:34:36] (INFO)    Downloading the new version of the mod...
[01.09.2022 - 14:34:55] (SUCCESS) The mod has been downloaded successfully!

[01.09.2022 - 14:34:55] (INFO)    Querying last file for Fabric Loader (Loader: Fabric; MC Version: 1.19.2)...
[01.09.2022 - 14:34:57] (INFO)    A file has been found!
[01.09.2022 - 14:34:57] (INFO)    No previous download. The file will be download...
[01.09.2022 - 14:34:57] (INFO)    Downloading the new version of the mod...
[01.09.2022 - 14:34:57] (SUCCESS) The mod has been downloaded successfully!

[01.09.2022 - 14:34:57] (INFO)    Querying last file for Faithful 32x (Loader: Fabric; MC Version: 1.19.2)...
[01.09.2022 - 14:34:58] (INFO)    A file has been found!
[01.09.2022 - 14:34:58] (INFO)    No previous download. The file will be download...
[01.09.2022 - 14:34:58] (INFO)    Downloading the new version of the mod...
[01.09.2022 - 14:35:15] (SUCCESS) The mod has been downloaded successfully!

[01.09.2022 - 14:35:15] (INFO)    Querying last file for Falling Leaves (Fabric) (Loader: Fabric; MC Version: 1.19.2)...
[01.09.2022 - 14:35:15] (INFO)    A file has been found!
[01.09.2022 - 14:35:15] (INFO)    No previous download. The file will be download...
[01.09.2022 - 14:35:15] (INFO)    Downloading the new version of the mod...
[01.09.2022 - 14:35:16] (SUCCESS) The mod has been downloaded successfully!

[01.09.2022 - 14:35:16] (INFO)    Querying last file for FallingTree (Forge&Fabric) (Loader: Fabric; MC Version: 1.19.2)...
[01.09.2022 - 14:35:17] (INFO)    A file has been found!
[01.09.2022 - 14:35:17] (INFO)    No previous download. The file will be download...
[01.09.2022 - 14:35:17] (INFO)    Downloading the new version of the mod...
[01.09.2022 - 14:35:23] (SUCCESS) The mod has been downloaded successfully!

[01.09.2022 - 14:35:23] (INFO)    Querying last file for FerriteCore (Fabric) (Loader: Fabric; MC Version: 1.19.2)...
[01.09.2022 - 14:35:23] (INFO)    A file has been found!
[01.09.2022 - 14:35:23] (INFO)    No previous download. The file will be download...
[01.09.2022 - 14:35:23] (INFO)    Downloading the new version of the mod...
[01.09.2022 - 14:35:24] (SUCCESS) The mod has been downloaded successfully!

[01.09.2022 - 14:35:24] (INFO)    Querying last file for Held Item Info (Loader: Fabric; MC Version: 1.19.2)...
[01.09.2022 - 14:35:25] (INFO)    A file has been found!
[01.09.2022 - 14:35:25] (INFO)    No previous download. The file will be download...
[01.09.2022 - 14:35:25] (INFO)    Downloading the new version of the mod...
[01.09.2022 - 14:35:26] (SUCCESS) The mod has been downloaded successfully!

[01.09.2022 - 14:35:26] (INFO)    Querying last file for Horse Stats Vanilla (Fabric) (Loader: Fabric; MC Version: 1.19.2)...
[01.09.2022 - 14:35:26] (INFO)    A file has been found!
[01.09.2022 - 14:35:26] (INFO)    No previous download. The file will be download...
[01.09.2022 - 14:35:26] (INFO)    Downloading the new version of the mod...
[01.09.2022 - 14:35:38] (SUCCESS) The mod has been downloaded successfully!

[01.09.2022 - 14:35:38] (INFO)    Querying last file for Indium (Loader: Fabric; MC Version: 1.19.2)...
[01.09.2022 - 14:35:39] (INFO)    A file has been found!
[01.09.2022 - 14:35:39] (INFO)    No previous download. The file will be download...
[01.09.2022 - 14:35:39] (INFO)    Downloading the new version of the mod...
[01.09.2022 - 14:35:40] (SUCCESS) The mod has been downloaded successfully!

[01.09.2022 - 14:35:40] (INFO)    Querying last file for Inmis (Loader: Fabric; MC Version: 1.19.2)...
[01.09.2022 - 14:35:41] (INFO)    A file has been found!
[01.09.2022 - 14:35:41] (INFO)    No previous download. The file will be download...
[01.09.2022 - 14:35:41] (INFO)    Downloading the new version of the mod...
[01.09.2022 - 14:35:41] (SUCCESS) The mod has been downloaded successfully!

[01.09.2022 - 14:35:41] (INFO)    Querying last file for Inventory Hotswap (Loader: Fabric; MC Version: 1.19.2)...
[01.09.2022 - 14:35:42] (WARNING) No files found.

[01.09.2022 - 14:35:42] (INFO)    Querying last file for Inventory HUD+ (Loader: Fabric; MC Version: 1.19.2)...
[01.09.2022 - 14:35:42] (INFO)    A file has been found!
[01.09.2022 - 14:35:42] (INFO)    No previous download. The file will be download...
[01.09.2022 - 14:35:42] (INFO)    Downloading the new version of the mod...
[01.09.2022 - 14:35:45] (SUCCESS) The mod has been downloaded successfully!

[01.09.2022 - 14:35:45] (INFO)    Querying last file for Inventory Profiles Next (Loader: Fabric; MC Version: 1.19.2)...
[01.09.2022 - 14:35:46] (INFO)    A file has been found!
[01.09.2022 - 14:35:46] (INFO)    No previous download. The file will be download...
[01.09.2022 - 14:35:46] (INFO)    Downloading the new version of the mod...
[01.09.2022 - 14:35:52] (SUCCESS) The mod has been downloaded successfully!

[01.09.2022 - 14:35:52] (INFO)    Querying last file for Iris Shaders (Loader: Fabric; MC Version: 1.19.2)...
[01.09.2022 - 14:35:52] (INFO)    A file has been found!
[01.09.2022 - 14:35:52] (INFO)    No previous download. The file will be download...
[01.09.2022 - 14:35:52] (INFO)    Downloading the new version of the mod...
[01.09.2022 - 14:35:57] (SUCCESS) The mod has been downloaded successfully!

[01.09.2022 - 14:35:57] (INFO)    Querying last file for Item Scroller (Loader: Fabric; MC Version: 1.19.2)...
[01.09.2022 - 14:35:58] (INFO)    A file has been found!
[01.09.2022 - 14:35:58] (INFO)    No previous download. The file will be download...
[01.09.2022 - 14:35:58] (INFO)    Downloading the new version of the mod...
[01.09.2022 - 14:35:59] (SUCCESS) The mod has been downloaded successfully!

[01.09.2022 - 14:35:59] (INFO)    Querying last file for Jerm's Better Leaves Add-on (Loader: Fabric; MC Version: 1.19.2)...
[01.09.2022 - 14:35:59] (INFO)    A file has been found!
[01.09.2022 - 14:35:59] (INFO)    No previous download. The file will be download...
[01.09.2022 - 14:35:59] (INFO)    Downloading the new version of the mod...
[01.09.2022 - 14:36:00] (SUCCESS) The mod has been downloaded successfully!

[01.09.2022 - 14:36:00] (INFO)    Querying last file for LambdaBetterGrass (Loader: Fabric; MC Version: 1.19.2)...
[01.09.2022 - 14:36:00] (INFO)    A file has been found!
[01.09.2022 - 14:36:00] (INFO)    No previous download. The file will be download...
[01.09.2022 - 14:36:00] (INFO)    Downloading the new version of the mod...
[01.09.2022 - 14:36:02] (SUCCESS) The mod has been downloaded successfully!

[01.09.2022 - 14:36:02] (INFO)    Querying last file for LambDynamicLights (Loader: Fabric; MC Version: 1.19.2)...
[01.09.2022 - 14:36:04] (INFO)    A file has been found!
[01.09.2022 - 14:36:04] (INFO)    No previous download. The file will be download...
[01.09.2022 - 14:36:04] (INFO)    Downloading the new version of the mod...
[01.09.2022 - 14:36:07] (SUCCESS) The mod has been downloaded successfully!

[01.09.2022 - 14:36:07] (INFO)    Querying last file for Light Overlay (Rift/Forge/Fabric) (Loader: Fabric; MC Version: 1.19.2)...
[01.09.2022 - 14:36:07] (INFO)    A file has been found!
[01.09.2022 - 14:36:07] (INFO)    No previous download. The file will be download...
[01.09.2022 - 14:36:07] (INFO)    Downloading the new version of the mod...
[01.09.2022 - 14:36:09] (SUCCESS) The mod has been downloaded successfully!

[01.09.2022 - 14:36:09] (INFO)    Querying last file for Litematica (Loader: Fabric; MC Version: 1.19.2)...
[01.09.2022 - 14:36:09] (INFO)    A file has been found!
[01.09.2022 - 14:36:09] (INFO)    No previous download. The file will be download...
[01.09.2022 - 14:36:09] (INFO)    Downloading the new version of the mod...
[01.09.2022 - 14:36:11] (SUCCESS) The mod has been downloaded successfully!

[01.09.2022 - 14:36:11] (INFO)    Querying last file for Lithium (Fabric) (Loader: Fabric; MC Version: 1.19.2)...
[01.09.2022 - 14:36:11] (INFO)    A file has been found!
[01.09.2022 - 14:36:11] (INFO)    No previous download. The file will be download...
[01.09.2022 - 14:36:11] (INFO)    Downloading the new version of the mod...
[01.09.2022 - 14:36:16] (SUCCESS) The mod has been downloaded successfully!

[01.09.2022 - 14:36:16] (INFO)    Querying last file for MaLiLib (Loader: Fabric; MC Version: 1.19.2)...
[01.09.2022 - 14:36:18] (INFO)    A file has been found!
[01.09.2022 - 14:36:18] (INFO)    No previous download. The file will be download...
[01.09.2022 - 14:36:18] (INFO)    Downloading the new version of the mod...
[01.09.2022 - 14:36:24] (SUCCESS) The mod has been downloaded successfully!

[01.09.2022 - 14:36:24] (INFO)    Querying last file for MAmbience (Loader: Fabric; MC Version: 1.19.2)...
[01.09.2022 - 14:36:24] (INFO)    A file has been found!
[01.09.2022 - 14:36:24] (INFO)    No previous download. The file will be download...
[01.09.2022 - 14:36:24] (INFO)    Downloading the new version of the mod...
[01.09.2022 - 14:37:27] (SUCCESS) The mod has been downloaded successfully!

[01.09.2022 - 14:37:27] (INFO)    Querying last file for MiniHUD (Loader: Fabric; MC Version: 1.19.2)...
[01.09.2022 - 14:37:28] (INFO)    A file has been found!
[01.09.2022 - 14:37:28] (INFO)    No previous download. The file will be download...
[01.09.2022 - 14:37:28] (INFO)    Downloading the new version of the mod...
[01.09.2022 - 14:37:29] (SUCCESS) The mod has been downloaded successfully!

[01.09.2022 - 14:37:29] (INFO)    Querying last file for Mod Menu (Loader: Fabric; MC Version: 1.19.2)...
[01.09.2022 - 14:37:30] (INFO)    A file has been found!
[01.09.2022 - 14:37:30] (INFO)    No previous download. The file will be download...
[01.09.2022 - 14:37:30] (INFO)    Downloading the new version of the mod...
[01.09.2022 - 14:37:34] (SUCCESS) The mod has been downloaded successfully!

[01.09.2022 - 14:37:34] (INFO)    Querying last file for OptiFabric (Loader: Fabric; MC Version: 1.19.2)...
[01.09.2022 - 14:37:49] (INFO)    A file has been found!
[01.09.2022 - 14:37:49] (INFO)    No previous download. The file will be download...
[01.09.2022 - 14:37:49] (INFO)    Downloading the new version of the mod...
[01.09.2022 - 14:37:50] (SUCCESS) The mod has been downloaded successfully!

[01.09.2022 - 14:37:50] (INFO)    Querying last file for OptiFine (Loader: Fabric; MC Version: 1.19.2)...
[01.09.2022 - 14:38:14] (INFO)    A file has been found!
[01.09.2022 - 14:38:14] (INFO)    No previous download. The file will be download...
[01.09.2022 - 14:38:14] (INFO)    Downloading the new version of the mod...
[01.09.2022 - 14:38:23] (SUCCESS) The mod has been downloaded successfully!

[01.09.2022 - 14:38:23] (INFO)    Querying last file for Phosphor (Fabric) (Loader: Fabric; MC Version: 1.19.2)...
[01.09.2022 - 14:38:23] (INFO)    A file has been found!
[01.09.2022 - 14:38:23] (INFO)    No previous download. The file will be download...
[01.09.2022 - 14:38:23] (INFO)    Downloading the new version of the mod...
[01.09.2022 - 14:38:24] (SUCCESS) The mod has been downloaded successfully!

[01.09.2022 - 14:38:24] (INFO)    Querying last file for Potion Descriptions (Fabric) (Loader: Fabric; MC Version: 1.19.2)...
[01.09.2022 - 14:38:24] (WARNING) No files found.

[01.09.2022 - 14:38:24] (INFO)    Querying last file for Presence Footsteps [Fabric] (Loader: Fabric; MC Version: 1.19.2)...
[01.09.2022 - 14:38:25] (INFO)    A file has been found!
[01.09.2022 - 14:38:25] (INFO)    No previous download. The file will be download...
[01.09.2022 - 14:38:25] (INFO)    Downloading the new version of the mod...
[01.09.2022 - 14:38:37] (SUCCESS) The mod has been downloaded successfully!

[01.09.2022 - 14:38:37] (INFO)    Querying last file for Reese's Sodium Options (Loader: Fabric; MC Version: 1.19.2)...
[01.09.2022 - 14:38:37] (INFO)    A file has been found!
[01.09.2022 - 14:38:37] (INFO)    No previous download. The file will be download...
[01.09.2022 - 14:38:37] (INFO)    Downloading the new version of the mod...
[01.09.2022 - 14:38:38] (SUCCESS) The mod has been downloaded successfully!

[01.09.2022 - 14:38:38] (INFO)    Querying last file for Replay Mod (Loader: Fabric; MC Version: 1.19.2)...
[01.09.2022 - 14:39:06] (INFO)    A file has been found!
[01.09.2022 - 14:39:06] (INFO)    No previous download. The file will be download...
[01.09.2022 - 14:39:06] (INFO)    Downloading the new version of the mod...
[01.09.2022 - 14:39:32] (SUCCESS) The mod has been downloaded successfully!

[01.09.2022 - 14:39:32] (INFO)    Querying last file for Roughly Enough Items Fabric/Forge (REI) (Loader: Fabric; MC Version: 1.19.2)...
[01.09.2022 - 14:39:32] (INFO)    A file has been found!
[01.09.2022 - 14:39:32] (INFO)    No previous download. The file will be download...
[01.09.2022 - 14:39:32] (INFO)    Downloading the new version of the mod...
[01.09.2022 - 14:39:39] (SUCCESS) The mod has been downloaded successfully!

[01.09.2022 - 14:39:39] (INFO)    Querying last file for Shield Corrections Colored (Loader: Fabric; MC Version: 1.19.2)...
[01.09.2022 - 14:39:39] (INFO)    A file has been found!
[01.09.2022 - 14:39:39] (INFO)    No previous download. The file will be download...
[01.09.2022 - 14:39:39] (INFO)    Downloading the new version of the mod...
[01.09.2022 - 14:39:42] (SUCCESS) The mod has been downloaded successfully!

[01.09.2022 - 14:39:42] (INFO)    Querying last file for Shield Corrections Regular (Loader: Fabric; MC Version: 1.19.2)...
[01.09.2022 - 14:39:43] (INFO)    A file has been found!
[01.09.2022 - 14:39:43] (INFO)    No previous download. The file will be download...
[01.09.2022 - 14:39:43] (INFO)    Downloading the new version of the mod...
[01.09.2022 - 14:39:46] (SUCCESS) The mod has been downloaded successfully!

[01.09.2022 - 14:39:46] (INFO)    Querying last file for ShulkerBoxTooltip (Loader: Fabric; MC Version: 1.19.2)...
[01.09.2022 - 14:39:46] (INFO)    A file has been found!
[01.09.2022 - 14:39:46] (INFO)    No previous download. The file will be download...
[01.09.2022 - 14:39:46] (INFO)    Downloading the new version of the mod...
[01.09.2022 - 14:39:53] (SUCCESS) The mod has been downloaded successfully!

[01.09.2022 - 14:39:53] (INFO)    Querying last file for Sodium (Loader: Fabric; MC Version: 1.19.2)...
[01.09.2022 - 14:39:53] (INFO)    A file has been found!
[01.09.2022 - 14:39:53] (INFO)    No previous download. The file will be download...
[01.09.2022 - 14:39:53] (INFO)    Downloading the new version of the mod...
[01.09.2022 - 14:39:59] (SUCCESS) The mod has been downloaded successfully!

[01.09.2022 - 14:39:59] (INFO)    Querying last file for Sodium Extra (Loader: Fabric; MC Version: 1.19.2)...
[01.09.2022 - 14:40:00] (INFO)    A file has been found!
[01.09.2022 - 14:40:00] (INFO)    No previous download. The file will be download...
[01.09.2022 - 14:40:00] (INFO)    Downloading the new version of the mod...
[01.09.2022 - 14:40:02] (SUCCESS) The mod has been downloaded successfully!

[01.09.2022 - 14:40:02] (INFO)    Querying last file for ToolTipFix (Loader: Fabric; MC Version: 1.19.2)...
[01.09.2022 - 14:40:03] (WARNING) No files found.

[01.09.2022 - 14:40:03] (INFO)    Querying last file for Tweakeroo (Loader: Fabric; MC Version: 1.19.2)...
[01.09.2022 - 14:40:04] (INFO)    A file has been found!
[01.09.2022 - 14:40:04] (INFO)    No previous download. The file will be download...
[01.09.2022 - 14:40:04] (INFO)    Downloading the new version of the mod...
[01.09.2022 - 14:40:06] (SUCCESS) The mod has been downloaded successfully!

[01.09.2022 - 14:40:06] (INFO)    Querying last file for WorldEdit (Loader: Fabric; MC Version: 1.19.2)...
[01.09.2022 - 14:40:10] (INFO)    A file has been found!
[01.09.2022 - 14:40:10] (INFO)    No previous download. The file will be download...
[01.09.2022 - 14:40:10] (INFO)    Downloading the new version of the mod...
[01.09.2022 - 14:40:26] (SUCCESS) The mod has been downloaded successfully!

[01.09.2022 - 14:40:26] (INFO)    Querying last file for WTHIT (Loader: Fabric; MC Version: 1.19.2)...
[01.09.2022 - 14:40:26] (INFO)    A file has been found!
[01.09.2022 - 14:40:26] (INFO)    No previous download. The file will be download...
[01.09.2022 - 14:40:26] (INFO)    Downloading the new version of the mod...
[01.09.2022 - 14:40:27] (SUCCESS) The mod has been downloaded successfully!

[01.09.2022 - 14:40:27] (INFO)    Querying last file for Xaeros Minimap (Loader: Fabric; MC Version: 1.19.2)...
[01.09.2022 - 14:40:39] (INFO)    A file has been found!
[01.09.2022 - 14:40:39] (INFO)    No previous download. The file will be download...
[01.09.2022 - 14:40:39] (INFO)    Downloading the new version of the mod...
[01.09.2022 - 14:40:46] (SUCCESS) The mod has been downloaded successfully!

[01.09.2022 - 14:40:46] (INFO)    Querying last file for Xaeros WorldMap (Loader: Fabric; MC Version: 1.19.2)...
[01.09.2022 - 14:40:52] (INFO)    A file has been found!
[01.09.2022 - 14:40:52] (INFO)    No previous download. The file will be download...
[01.09.2022 - 14:40:52] (INFO)    Downloading the new version of the mod...
[01.09.2022 - 14:40:58] (SUCCESS) The mod has been downloaded successfully!

[01.09.2022 - 14:40:58] (INFO)    Querying last file for Zoomify (Loader: Fabric; MC Version: 1.19.2)...
[01.09.2022 - 14:40:58] (INFO)    A file has been found!
[01.09.2022 - 14:40:58] (INFO)    No previous download. The file will be download...
[01.09.2022 - 14:40:58] (INFO)    Downloading the new version of the mod...
[01.09.2022 - 14:41:02] (SUCCESS) The mod has been downloaded successfully!

[01.09.2022 - 14:41:02] (INFO)    Export mods session information to CSV 'E:\Games\Minecraft\#Setup_Minecraft\#Scripts\Minecraft-Mods\csv\MC_1.19.2-2022.09.01_14.32.csv'
[01.09.2022 - 14:41:02] (SUCCESS) Mods list has been exported successfully!

[01.09.2022 - 14:41:02] (INFO)    Export Discord markdown lines to files...

[01.09.2022 - 14:41:02] (INFO)    Export website text lines to files...

------------------------------------------------------------

[01.09.2022 - 14:41:02] (INFO)    Summary:
	Mods GoC:
		advancementinfo-1.19.1-fabric0.58.5-1.3.1.jar
		architectury-6.2.43-fabric.jar
		BetterThirdPerson-Fabric-1.19-1.8.1.jar
		BetterF3-1.3.2-Fabric-1.19.jar
		cloth-config-8.0.75-fabric.jar
		fabric-api-0.60.0+1.19.2.jar
		Capes-1.4.4+1.19.jar
		fabric-installer-0.11.1.jar
		fallingleaves-1.12.2+1.19.2.jar
		light-overlay-7.0.0.jar
		litematica-fabric-1.19.2-0.12.4.jar
		malilib-fabric-1.19.2-0.13.0.jar
		Mambience-5.2.0+1.19.jar
		modmenu-4.0.6.jar
		optifabric-1.13.16.jar
		OptiFine_1.19.2_HD_U_H9.jar
		PresenceFootsteps-1.6.1.jar
		replaymod-1.19.1-2.6.8.jar
		shulkerboxtooltip-fabric-3.1.2+1.19.2.jar
		worldedit-mod-7.2.12.jar

	Mods GoC No Optifine:
		continuity-2.0.1+1.19.jar
		fabric-language-kotlin-1.8.3+kotlin.1.7.10.jar
		ferritecore-5.0.0-fabric.jar
		indium-1.0.9+mc1.19.2.jar
		iris-mc1.19.2-1.2.8.jar
		lambdabettergrass-1.3.0+1.19.jar
		lambdynamiclights-2.1.2+1.19.jar
		lithium-fabric-mc1.19.2-0.8.3.jar
		phosphor-fabric-mc1.19.x-0.8.1.jar
		reeses_sodium_options-1.4.7+mc1.19.2-build.59.jar
		sodium-fabric-mc1.19.2-0.4.4+build.18.jar
		sodium-extra-0.4.10+mc1.19.2-build.64.jar
		Zoomify-2.5.1.jar

	Ressources GoC:
		Dramatic+Skys+Demo+1.5.1.zip
		Faithful 32x - 1.19.2.zip
		Better Leaves Addon V2.9-1.19.zip
		Shield Corrections §c[Colored].zip
		Shield Corrections §7[Regular].zip

	Shaders GoC:

------------------------------------------------------------

[01.09.2022 - 14:41:02] (INFO)    Copy GoC Mods...
[01.09.2022 - 14:41:02] (INFO)    We are going to copy new versions of mods to: E:\Games\Minecraft\#MultiMC\instances\1.19-Opti\.minecraft
[01.09.2022 - 14:41:02] (DEBUG)   Set use      : Pipeline

[01.09.2022 - 14:41:03] (DEBUG)   Adding, nothing to rename.
[01.09.2022 - 14:41:03] (DEBUG)   Copy E:\Games\Minecraft\#Setup_Minecraft\1.19.2\Mods\advancementinfo-1.19.1-fabric0.58.5-1.3.1.jar to E:\Games\Minecraft\#MultiMC\instances\1.19-Opti\.minecraft\mods\advancementinfo-1.19.1-fabric0.58.5-1.3.1.jar
[01.09.2022 - 14:41:04] (DEBUG)   Adding, nothing to rename.
[01.09.2022 - 14:41:04] (DEBUG)   Copy E:\Games\Minecraft\#Setup_Minecraft\1.19.2\Mods\architectury-6.2.43-fabric.jar to E:\Games\Minecraft\#MultiMC\instances\1.19-Opti\.minecraft\mods\architectury-6.2.43-fabric.jar
[01.09.2022 - 14:41:05] (DEBUG)   Adding, nothing to rename.
[01.09.2022 - 14:41:05] (DEBUG)   Copy E:\Games\Minecraft\#Setup_Minecraft\1.19.2\Mods\BetterThirdPerson-Fabric-1.19-1.8.1.jar to E:\Games\Minecraft\#MultiMC\instances\1.19-Opti\.minecraft\mods\BetterThirdPerson-Fabric-1.19-1.8.1.jar
[01.09.2022 - 14:41:06] (DEBUG)   Adding, nothing to rename.
[01.09.2022 - 14:41:06] (DEBUG)   Copy E:\Games\Minecraft\#Setup_Minecraft\1.19.2\Mods\BetterF3-1.3.2-Fabric-1.19.jar to E:\Games\Minecraft\#MultiMC\instances\1.19-Opti\.minecraft\mods\BetterF3-1.3.2-Fabric-1.19.jar
[01.09.2022 - 14:41:07] (DEBUG)   Adding, nothing to rename.
[01.09.2022 - 14:41:07] (DEBUG)   Copy E:\Games\Minecraft\#Setup_Minecraft\1.19.2\Mods\cloth-config-8.0.75-fabric.jar to E:\Games\Minecraft\#MultiMC\instances\1.19-Opti\.minecraft\mods\cloth-config-8.0.75-fabric.jar
[01.09.2022 - 14:41:08] (DEBUG)   Adding, nothing to rename.
[01.09.2022 - 14:41:08] (DEBUG)   Copy E:\Games\Minecraft\#Setup_Minecraft\1.19.2\Ressources\Dramatic+Skys+Demo+1.5.1.zip to E:\Games\Minecraft\#MultiMC\instances\1.19-Opti\.minecraft\resourcepacks\Dramatic+Skys+Demo+1.5.1.zip
[01.09.2022 - 14:41:09] (DEBUG)   Adding, nothing to rename.
[01.09.2022 - 14:41:09] (DEBUG)   Copy E:\Games\Minecraft\#Setup_Minecraft\1.19.2\Mods\fabric-api-0.60.0+1.19.2.jar to E:\Games\Minecraft\#MultiMC\instances\1.19-Opti\.minecraft\mods\fabric-api-0.60.0+1.19.2.jar
[01.09.2022 - 14:41:10] (DEBUG)   Adding, nothing to rename.
[01.09.2022 - 14:41:10] (DEBUG)   Copy E:\Games\Minecraft\#Setup_Minecraft\1.19.2\Mods\Capes-1.4.4+1.19.jar to E:\Games\Minecraft\#MultiMC\instances\1.19-Opti\.minecraft\mods\Capes-1.4.4+1.19.jar
[01.09.2022 - 14:41:11] (DEBUG)   Adding, nothing to rename.
[01.09.2022 - 14:41:11] (DEBUG)   Copy E:\Games\Minecraft\#Setup_Minecraft\1.19.2\Mods\fabric-installer-0.11.1.jar to E:\Games\Minecraft\#MultiMC\instances\1.19-Opti\.minecraft\mods\fabric-installer-0.11.1.jar
[01.09.2022 - 14:41:12] (DEBUG)   Adding, nothing to rename.
[01.09.2022 - 14:41:12] (DEBUG)   Copy E:\Games\Minecraft\#Setup_Minecraft\1.19.2\Ressources\Faithful 32x - 1.19.2.zip to E:\Games\Minecraft\#MultiMC\instances\1.19-Opti\.minecraft\resourcepacks\Faithful 32x - 1.19.2.zip
[01.09.2022 - 14:41:13] (DEBUG)   Adding, nothing to rename.
[01.09.2022 - 14:41:13] (DEBUG)   Copy E:\Games\Minecraft\#Setup_Minecraft\1.19.2\Mods\fallingleaves-1.12.2+1.19.2.jar to E:\Games\Minecraft\#MultiMC\instances\1.19-Opti\.minecraft\mods\fallingleaves-1.12.2+1.19.2.jar
[01.09.2022 - 14:41:14] (DEBUG)   Adding, nothing to rename.
[01.09.2022 - 14:41:14] (DEBUG)   Copy E:\Games\Minecraft\#Setup_Minecraft\1.19.2\Ressources\Better Leaves Addon V2.9-1.19.zip to E:\Games\Minecraft\#MultiMC\instances\1.19-Opti\.minecraft\resourcepacks\Better Leaves Addon V2.9-1.19.zip
[01.09.2022 - 14:41:15] (DEBUG)   Adding, nothing to rename.
[01.09.2022 - 14:41:15] (DEBUG)   Copy E:\Games\Minecraft\#Setup_Minecraft\1.19.2\Mods\light-overlay-7.0.0.jar to E:\Games\Minecraft\#MultiMC\instances\1.19-Opti\.minecraft\mods\light-overlay-7.0.0.jar
[01.09.2022 - 14:41:16] (DEBUG)   Adding, nothing to rename.
[01.09.2022 - 14:41:16] (DEBUG)   Copy E:\Games\Minecraft\#Setup_Minecraft\1.19.2\Mods\litematica-fabric-1.19.2-0.12.4.jar to E:\Games\Minecraft\#MultiMC\instances\1.19-Opti\.minecraft\mods\litematica-fabric-1.19.2-0.12.4.jar
[01.09.2022 - 14:41:17] (DEBUG)   Adding, nothing to rename.
[01.09.2022 - 14:41:17] (DEBUG)   Copy E:\Games\Minecraft\#Setup_Minecraft\1.19.2\Mods\malilib-fabric-1.19.2-0.13.0.jar to E:\Games\Minecraft\#MultiMC\instances\1.19-Opti\.minecraft\mods\malilib-fabric-1.19.2-0.13.0.jar
[01.09.2022 - 14:41:18] (DEBUG)   Adding, nothing to rename.
[01.09.2022 - 14:41:18] (DEBUG)   Copy E:\Games\Minecraft\#Setup_Minecraft\1.19.2\Mods\Mambience-5.2.0+1.19.jar to E:\Games\Minecraft\#MultiMC\instances\1.19-Opti\.minecraft\mods\Mambience-5.2.0+1.19.jar
[01.09.2022 - 14:41:19] (DEBUG)   Adding, nothing to rename.
[01.09.2022 - 14:41:19] (DEBUG)   Copy E:\Games\Minecraft\#Setup_Minecraft\1.19.2\Mods\modmenu-4.0.6.jar to E:\Games\Minecraft\#MultiMC\instances\1.19-Opti\.minecraft\mods\modmenu-4.0.6.jar
[01.09.2022 - 14:41:20] (DEBUG)   Adding, nothing to rename.
[01.09.2022 - 14:41:20] (DEBUG)   Copy E:\Games\Minecraft\#Setup_Minecraft\1.19.2\Mods\optifabric-1.13.16.jar to E:\Games\Minecraft\#MultiMC\instances\1.19-Opti\.minecraft\mods\optifabric-1.13.16.jar
[01.09.2022 - 14:41:21] (DEBUG)   Adding, nothing to rename.
[01.09.2022 - 14:41:21] (DEBUG)   Copy E:\Games\Minecraft\#Setup_Minecraft\1.19.2\Mods\OptiFine_1.19.2_HD_U_H9.jar to E:\Games\Minecraft\#MultiMC\instances\1.19-Opti\.minecraft\mods\OptiFine_1.19.2_HD_U_H9.jar
[01.09.2022 - 14:41:22] (DEBUG)   Adding, nothing to rename.
[01.09.2022 - 14:41:22] (DEBUG)   Copy E:\Games\Minecraft\#Setup_Minecraft\1.19.2\Mods\PresenceFootsteps-1.6.1.jar to E:\Games\Minecraft\#MultiMC\instances\1.19-Opti\.minecraft\mods\PresenceFootsteps-1.6.1.jar
[01.09.2022 - 14:41:23] (DEBUG)   Adding, nothing to rename.
[01.09.2022 - 14:41:23] (DEBUG)   Copy E:\Games\Minecraft\#Setup_Minecraft\1.19.2\Mods\replaymod-1.19.1-2.6.8.jar to E:\Games\Minecraft\#MultiMC\instances\1.19-Opti\.minecraft\mods\replaymod-1.19.1-2.6.8.jar
[01.09.2022 - 14:41:24] (DEBUG)   Adding, nothing to rename.
[01.09.2022 - 14:41:24] (DEBUG)   Copy E:\Games\Minecraft\#Setup_Minecraft\1.19.2\Ressources\Shield Corrections §c[Colored].zip to E:\Games\Minecraft\#MultiMC\instances\1.19-Opti\.minecraft\resourcepacks\Shield Corrections §c[Colored].zip
[01.09.2022 - 14:41:25] (DEBUG)   Adding, nothing to rename.
[01.09.2022 - 14:41:25] (DEBUG)   Copy E:\Games\Minecraft\#Setup_Minecraft\1.19.2\Ressources\Shield Corrections §7[Regular].zip to E:\Games\Minecraft\#MultiMC\instances\1.19-Opti\.minecraft\resourcepacks\Shield Corrections §7[Regular].zip
[01.09.2022 - 14:41:26] (DEBUG)   Adding, nothing to rename.
[01.09.2022 - 14:41:26] (DEBUG)   Copy E:\Games\Minecraft\#Setup_Minecraft\1.19.2\Mods\shulkerboxtooltip-fabric-3.1.2+1.19.2.jar to E:\Games\Minecraft\#MultiMC\instances\1.19-Opti\.minecraft\mods\shulkerboxtooltip-fabric-3.1.2+1.19.2.jar
[01.09.2022 - 14:41:27] (DEBUG)   Adding, nothing to rename.
[01.09.2022 - 14:41:27] (DEBUG)   Copy E:\Games\Minecraft\#Setup_Minecraft\1.19.2\Mods\worldedit-mod-7.2.12.jar to E:\Games\Minecraft\#MultiMC\instances\1.19-Opti\.minecraft\mods\worldedit-mod-7.2.12.jar

[01.09.2022 - 14:41:27] (INFO)    Copy not GoC Mods...
[01.09.2022 - 14:41:27] (INFO)    We are going to copy new versions of mods to: E:\Games\Minecraft\#MultiMC\instances\1.19-TestMods\.minecraft
[01.09.2022 - 14:41:27] (DEBUG)   Set use      : Pipeline

[01.09.2022 - 14:41:29] (DEBUG)   Adding, nothing to rename.
[01.09.2022 - 14:41:29] (DEBUG)   Copy E:\Games\Minecraft\#Setup_Minecraft\1.19.2\Mods\advancementinfo-1.19.1-fabric0.58.5-1.3.1.jar to E:\Games\Minecraft\#MultiMC\instances\1.19-TestMods\.minecraft\mods\advancementinfo-1.19.1-fabric0.58.5-1.3.1.jar
[01.09.2022 - 14:41:30] (DEBUG)   Adding, nothing to rename.
[01.09.2022 - 14:41:30] (DEBUG)   Copy E:\Games\Minecraft\#Setup_Minecraft\1.19.2\Mods\appleskin-fabric-mc1.19-2.4.1.jar to E:\Games\Minecraft\#MultiMC\instances\1.19-TestMods\.minecraft\mods\appleskin-fabric-mc1.19-2.4.1.jar
[01.09.2022 - 14:41:31] (DEBUG)   Adding, nothing to rename.
[01.09.2022 - 14:41:31] (DEBUG)   Copy E:\Games\Minecraft\#Setup_Minecraft\1.19.2\Mods\architectury-6.2.43-fabric.jar to E:\Games\Minecraft\#MultiMC\instances\1.19-TestMods\.minecraft\mods\architectury-6.2.43-fabric.jar
[01.09.2022 - 14:41:32] (DEBUG)   Adding, nothing to rename.
[01.09.2022 - 14:41:32] (DEBUG)   Copy E:\Games\Minecraft\#Setup_Minecraft\1.19.2\Mods\badpackets-fabric-0.2.0.jar to E:\Games\Minecraft\#MultiMC\instances\1.19-TestMods\.minecraft\mods\badpackets-fabric-0.2.0.jar
[01.09.2022 - 14:41:33] (DEBUG)   Adding, nothing to rename.
[01.09.2022 - 14:41:33] (DEBUG)   Copy E:\Games\Minecraft\#Setup_Minecraft\1.19.2\Mods\BetterThirdPerson-Fabric-1.19-1.8.1.jar to E:\Games\Minecraft\#MultiMC\instances\1.19-TestMods\.minecraft\mods\BetterThirdPerson-Fabric-1.19-1.8.1.jar
[01.09.2022 - 14:41:34] (DEBUG)   Adding, nothing to rename.
[01.09.2022 - 14:41:34] (DEBUG)   Copy E:\Games\Minecraft\#Setup_Minecraft\1.19.2\Mods\BetterF3-1.3.2-Fabric-1.19.jar to E:\Games\Minecraft\#MultiMC\instances\1.19-TestMods\.minecraft\mods\BetterF3-1.3.2-Fabric-1.19.jar
[01.09.2022 - 14:41:35] (DEBUG)   Adding, nothing to rename.
[01.09.2022 - 14:41:35] (DEBUG)   Copy E:\Games\Minecraft\#Setup_Minecraft\1.19.2\Mods\charm-fabric-1.19.2-4.2.2.jar to E:\Games\Minecraft\#MultiMC\instances\1.19-TestMods\.minecraft\mods\charm-fabric-1.19.2-4.2.2.jar
[01.09.2022 - 14:41:36] (DEBUG)   Adding, nothing to rename.
[01.09.2022 - 14:41:36] (DEBUG)   Copy E:\Games\Minecraft\#Setup_Minecraft\1.19.2\Mods\cloth-config-8.0.75-fabric.jar to E:\Games\Minecraft\#MultiMC\instances\1.19-TestMods\.minecraft\mods\cloth-config-8.0.75-fabric.jar
[01.09.2022 - 14:41:37] (DEBUG)   Adding, nothing to rename.
[01.09.2022 - 14:41:37] (DEBUG)   Copy E:\Games\Minecraft\#Setup_Minecraft\1.19.2\Mods\NoOptifine\continuity-2.0.1+1.19.jar to E:\Games\Minecraft\#MultiMC\instances\1.19-TestMods\.minecraft\mods\continuity-2.0.1+1.19.jar
[01.09.2022 - 14:41:38] (DEBUG)   Adding, nothing to rename.
[01.09.2022 - 14:41:38] (DEBUG)   Copy E:\Games\Minecraft\#Setup_Minecraft\1.19.2\Mods\CraftPresence-1.19.2-Release-1.8.11-universal.jar to E:\Games\Minecraft\#MultiMC\instances\1.19-TestMods\.minecraft\mods\CraftPresence-1.19.2-Release-1.8.11-universal.jar
[01.09.2022 - 14:41:39] (DEBUG)   Adding, nothing to rename.
[01.09.2022 - 14:41:39] (DEBUG)   Copy E:\Games\Minecraft\#Setup_Minecraft\1.19.2\Mods\dark-loading-screen-1.6.12.jar to E:\Games\Minecraft\#MultiMC\instances\1.19-TestMods\.minecraft\mods\dark-loading-screen-1.6.12.jar
[01.09.2022 - 14:41:40] (DEBUG)   Adding, nothing to rename.
[01.09.2022 - 14:41:40] (DEBUG)   Copy E:\Games\Minecraft\#Setup_Minecraft\1.19.2\Ressources\Dramatic+Skys+Demo+1.5.1.zip to E:\Games\Minecraft\#MultiMC\instances\1.19-TestMods\.minecraft\resourcepacks\Dramatic+Skys+Demo+1.5.1.zip
[01.09.2022 - 14:41:41] (DEBUG)   Adding, nothing to rename.
[01.09.2022 - 14:41:41] (DEBUG)   Copy E:\Games\Minecraft\#Setup_Minecraft\1.19.2\Mods\EditSign-1.19.2-2.6.0.jar to E:\Games\Minecraft\#MultiMC\instances\1.19-TestMods\.minecraft\mods\EditSign-1.19.2-2.6.0.jar
[01.09.2022 - 14:41:42] (DEBUG)   Adding, nothing to rename.
[01.09.2022 - 14:41:42] (DEBUG)   Copy E:\Games\Minecraft\#Setup_Minecraft\1.19.2\Mods\effective-1.2.2.jar to E:\Games\Minecraft\#MultiMC\instances\1.19-TestMods\.minecraft\mods\effective-1.2.2.jar
[01.09.2022 - 14:41:43] (DEBUG)   Adding, nothing to rename.
[01.09.2022 - 14:41:43] (DEBUG)   Copy E:\Games\Minecraft\#Setup_Minecraft\1.19.2\Mods\enhanced_attack_indicator-1.0.4+1.19.jar to E:\Games\Minecraft\#MultiMC\instances\1.19-TestMods\.minecraft\mods\enhanced_attack_indicator-1.0.4+1.19.jar
[01.09.2022 - 14:41:44] (DEBUG)   Adding, nothing to rename.
[01.09.2022 - 14:41:44] (DEBUG)   Copy E:\Games\Minecraft\#Setup_Minecraft\1.19.2\Mods\fabric-api-0.60.0+1.19.2.jar to E:\Games\Minecraft\#MultiMC\instances\1.19-TestMods\.minecraft\mods\fabric-api-0.60.0+1.19.2.jar
[01.09.2022 - 14:41:45] (DEBUG)   Adding, nothing to rename.
[01.09.2022 - 14:41:45] (DEBUG)   Copy E:\Games\Minecraft\#Setup_Minecraft\1.19.2\Mods\Capes-1.4.4+1.19.jar to E:\Games\Minecraft\#MultiMC\instances\1.19-TestMods\.minecraft\mods\Capes-1.4.4+1.19.jar
[01.09.2022 - 14:41:46] (DEBUG)   Adding, nothing to rename.
[01.09.2022 - 14:41:46] (DEBUG)   Copy E:\Games\Minecraft\#Setup_Minecraft\1.19.2\Mods\NoOptifine\fabric-language-kotlin-1.8.3+kotlin.1.7.10.jar to E:\Games\Minecraft\#MultiMC\instances\1.19-TestMods\.minecraft\mods\fabric-language-kotlin-1.8.3+kotlin.1.7.10.jar
[01.09.2022 - 14:41:47] (DEBUG)   Adding, nothing to rename.
[01.09.2022 - 14:41:47] (DEBUG)   Copy E:\Games\Minecraft\#Setup_Minecraft\1.19.2\Mods\fabric-installer-0.11.1.jar to E:\Games\Minecraft\#MultiMC\instances\1.19-TestMods\.minecraft\mods\fabric-installer-0.11.1.jar
[01.09.2022 - 14:41:48] (DEBUG)   Adding, nothing to rename.
[01.09.2022 - 14:41:48] (DEBUG)   Copy E:\Games\Minecraft\#Setup_Minecraft\1.19.2\Ressources\Faithful 32x - 1.19.2.zip to E:\Games\Minecraft\#MultiMC\instances\1.19-TestMods\.minecraft\resourcepacks\Faithful 32x - 1.19.2.zip
[01.09.2022 - 14:41:49] (DEBUG)   Adding, nothing to rename.
[01.09.2022 - 14:41:49] (DEBUG)   Copy E:\Games\Minecraft\#Setup_Minecraft\1.19.2\Mods\fallingleaves-1.12.2+1.19.2.jar to E:\Games\Minecraft\#MultiMC\instances\1.19-TestMods\.minecraft\mods\fallingleaves-1.12.2+1.19.2.jar
[01.09.2022 - 14:41:50] (DEBUG)   Adding, nothing to rename.
[01.09.2022 - 14:41:50] (DEBUG)   Copy E:\Games\Minecraft\#Setup_Minecraft\1.19.2\Mods\FallingTree-1.19.2-3.9.2.jar to E:\Games\Minecraft\#MultiMC\instances\1.19-TestMods\.minecraft\mods\FallingTree-1.19.2-3.9.2.jar
[01.09.2022 - 14:41:51] (DEBUG)   Adding, nothing to rename.
[01.09.2022 - 14:41:51] (DEBUG)   Copy E:\Games\Minecraft\#Setup_Minecraft\1.19.2\Mods\NoOptifine\ferritecore-5.0.0-fabric.jar to E:\Games\Minecraft\#MultiMC\instances\1.19-TestMods\.minecraft\mods\ferritecore-5.0.0-fabric.jar
[01.09.2022 - 14:41:52] (DEBUG)   Adding, nothing to rename.
[01.09.2022 - 14:41:52] (DEBUG)   Copy E:\Games\Minecraft\#Setup_Minecraft\1.19.2\Mods\held-item-info-1.3.0.jar to E:\Games\Minecraft\#MultiMC\instances\1.19-TestMods\.minecraft\mods\held-item-info-1.3.0.jar
[01.09.2022 - 14:41:53] (DEBUG)   Adding, nothing to rename.
[01.09.2022 - 14:41:53] (DEBUG)   Copy E:\Games\Minecraft\#Setup_Minecraft\1.19.2\Mods\horse-stats-vanilla-4.2.2.jar to E:\Games\Minecraft\#MultiMC\instances\1.19-TestMods\.minecraft\mods\horse-stats-vanilla-4.2.2.jar
[01.09.2022 - 14:41:54] (DEBUG)   Adding, nothing to rename.
[01.09.2022 - 14:41:54] (DEBUG)   Copy E:\Games\Minecraft\#Setup_Minecraft\1.19.2\Mods\NoOptifine\indium-1.0.9+mc1.19.2.jar to E:\Games\Minecraft\#MultiMC\instances\1.19-TestMods\.minecraft\mods\indium-1.0.9+mc1.19.2.jar
[01.09.2022 - 14:41:55] (DEBUG)   Adding, nothing to rename.
[01.09.2022 - 14:41:55] (DEBUG)   Copy E:\Games\Minecraft\#Setup_Minecraft\1.19.2\Mods\inmis-2.7.0-1.19.jar to E:\Games\Minecraft\#MultiMC\instances\1.19-TestMods\.minecraft\mods\inmis-2.7.0-1.19.jar
[01.09.2022 - 14:41:56] (DEBUG)   Adding, nothing to rename.
[01.09.2022 - 14:41:56] (DEBUG)   Copy E:\Games\Minecraft\#Setup_Minecraft\1.19.2\Mods\InventoryHUD-fabric-[1.19.1] -3.4.2.jar to E:\Games\Minecraft\#MultiMC\instances\1.19-TestMods\.minecraft\mods\InventoryHUD-fabric-[1.19.1] -3.4.2.jar
[01.09.2022 - 14:41:57] (DEBUG)   Adding, nothing to rename.
[01.09.2022 - 14:41:57] (DEBUG)   Copy E:\Games\Minecraft\#Setup_Minecraft\1.19.2\Mods\InventoryProfilesNext-fabric-1.19-1.7.0.jar to E:\Games\Minecraft\#MultiMC\instances\1.19-TestMods\.minecraft\mods\InventoryProfilesNext-fabric-1.19-1.7.0.jar
[01.09.2022 - 14:41:58] (DEBUG)   Adding, nothing to rename.
[01.09.2022 - 14:41:58] (DEBUG)   Copy E:\Games\Minecraft\#Setup_Minecraft\1.19.2\Mods\NoOptifine\iris-mc1.19.2-1.2.8.jar to E:\Games\Minecraft\#MultiMC\instances\1.19-TestMods\.minecraft\mods\iris-mc1.19.2-1.2.8.jar
[01.09.2022 - 14:41:59] (DEBUG)   Adding, nothing to rename.
[01.09.2022 - 14:41:59] (DEBUG)   Copy E:\Games\Minecraft\#Setup_Minecraft\1.19.2\Mods\itemscroller-fabric-1.19.2-0.17.1.jar to E:\Games\Minecraft\#MultiMC\instances\1.19-TestMods\.minecraft\mods\itemscroller-fabric-1.19.2-0.17.1.jar
[01.09.2022 - 14:42:00] (DEBUG)   Adding, nothing to rename.
[01.09.2022 - 14:42:00] (DEBUG)   Copy E:\Games\Minecraft\#Setup_Minecraft\1.19.2\Ressources\Better Leaves Addon V2.9-1.19.zip to E:\Games\Minecraft\#MultiMC\instances\1.19-TestMods\.minecraft\resourcepacks\Better Leaves Addon V2.9-1.19.zip
[01.09.2022 - 14:42:01] (DEBUG)   Adding, nothing to rename.
[01.09.2022 - 14:42:01] (DEBUG)   Copy E:\Games\Minecraft\#Setup_Minecraft\1.19.2\Mods\NoOptifine\lambdabettergrass-1.3.0+1.19.jar to E:\Games\Minecraft\#MultiMC\instances\1.19-TestMods\.minecraft\mods\lambdabettergrass-1.3.0+1.19.jar
[01.09.2022 - 14:42:02] (DEBUG)   Adding, nothing to rename.
[01.09.2022 - 14:42:02] (DEBUG)   Copy E:\Games\Minecraft\#Setup_Minecraft\1.19.2\Mods\NoOptifine\lambdynamiclights-2.1.2+1.19.jar to E:\Games\Minecraft\#MultiMC\instances\1.19-TestMods\.minecraft\mods\lambdynamiclights-2.1.2+1.19.jar
[01.09.2022 - 14:42:03] (DEBUG)   Adding, nothing to rename.
[01.09.2022 - 14:42:03] (DEBUG)   Copy E:\Games\Minecraft\#Setup_Minecraft\1.19.2\Mods\light-overlay-7.0.0.jar to E:\Games\Minecraft\#MultiMC\instances\1.19-TestMods\.minecraft\mods\light-overlay-7.0.0.jar
[01.09.2022 - 14:42:04] (DEBUG)   Adding, nothing to rename.
[01.09.2022 - 14:42:04] (DEBUG)   Copy E:\Games\Minecraft\#Setup_Minecraft\1.19.2\Mods\litematica-fabric-1.19.2-0.12.4.jar to E:\Games\Minecraft\#MultiMC\instances\1.19-TestMods\.minecraft\mods\litematica-fabric-1.19.2-0.12.4.jar
[01.09.2022 - 14:42:05] (DEBUG)   Adding, nothing to rename.
[01.09.2022 - 14:42:05] (DEBUG)   Copy E:\Games\Minecraft\#Setup_Minecraft\1.19.2\Mods\NoOptifine\lithium-fabric-mc1.19.2-0.8.3.jar to E:\Games\Minecraft\#MultiMC\instances\1.19-TestMods\.minecraft\mods\lithium-fabric-mc1.19.2-0.8.3.jar
[01.09.2022 - 14:42:06] (DEBUG)   Adding, nothing to rename.
[01.09.2022 - 14:42:06] (DEBUG)   Copy E:\Games\Minecraft\#Setup_Minecraft\1.19.2\Mods\malilib-fabric-1.19.2-0.13.0.jar to E:\Games\Minecraft\#MultiMC\instances\1.19-TestMods\.minecraft\mods\malilib-fabric-1.19.2-0.13.0.jar
[01.09.2022 - 14:42:07] (DEBUG)   Adding, nothing to rename.
[01.09.2022 - 14:42:07] (DEBUG)   Copy E:\Games\Minecraft\#Setup_Minecraft\1.19.2\Mods\Mambience-5.2.0+1.19.jar to E:\Games\Minecraft\#MultiMC\instances\1.19-TestMods\.minecraft\mods\Mambience-5.2.0+1.19.jar
[01.09.2022 - 14:42:08] (DEBUG)   Adding, nothing to rename.
[01.09.2022 - 14:42:08] (DEBUG)   Copy E:\Games\Minecraft\#Setup_Minecraft\1.19.2\Mods\minihud-fabric-1.19.2-0.23.3.jar to E:\Games\Minecraft\#MultiMC\instances\1.19-TestMods\.minecraft\mods\minihud-fabric-1.19.2-0.23.3.jar
[01.09.2022 - 14:42:09] (DEBUG)   Adding, nothing to rename.
[01.09.2022 - 14:42:09] (DEBUG)   Copy E:\Games\Minecraft\#Setup_Minecraft\1.19.2\Mods\modmenu-4.0.6.jar to E:\Games\Minecraft\#MultiMC\instances\1.19-TestMods\.minecraft\mods\modmenu-4.0.6.jar
[01.09.2022 - 14:42:10] (DEBUG)   Adding, nothing to rename.
[01.09.2022 - 14:42:10] (DEBUG)   Copy E:\Games\Minecraft\#Setup_Minecraft\1.19.2\Mods\NoOptifine\phosphor-fabric-mc1.19.x-0.8.1.jar to E:\Games\Minecraft\#MultiMC\instances\1.19-TestMods\.minecraft\mods\phosphor-fabric-mc1.19.x-0.8.1.jar
[01.09.2022 - 14:42:11] (DEBUG)   Adding, nothing to rename.
[01.09.2022 - 14:42:11] (DEBUG)   Copy E:\Games\Minecraft\#Setup_Minecraft\1.19.2\Mods\PresenceFootsteps-1.6.1.jar to E:\Games\Minecraft\#MultiMC\instances\1.19-TestMods\.minecraft\mods\PresenceFootsteps-1.6.1.jar
[01.09.2022 - 14:42:12] (DEBUG)   Adding, nothing to rename.
[01.09.2022 - 14:42:12] (DEBUG)   Copy E:\Games\Minecraft\#Setup_Minecraft\1.19.2\Mods\NoOptifine\reeses_sodium_options-1.4.7+mc1.19.2-build.59.jar to E:\Games\Minecraft\#MultiMC\instances\1.19-TestMods\.minecraft\mods\reeses_sodium_options-1.4.7+mc1.19.2-build.59.jar
[01.09.2022 - 14:42:13] (DEBUG)   Adding, nothing to rename.
[01.09.2022 - 14:42:13] (DEBUG)   Copy E:\Games\Minecraft\#Setup_Minecraft\1.19.2\Mods\replaymod-1.19.1-2.6.8.jar to E:\Games\Minecraft\#MultiMC\instances\1.19-TestMods\.minecraft\mods\replaymod-1.19.1-2.6.8.jar
[01.09.2022 - 14:42:14] (DEBUG)   Adding, nothing to rename.
[01.09.2022 - 14:42:14] (DEBUG)   Copy E:\Games\Minecraft\#Setup_Minecraft\1.19.2\Mods\RoughlyEnoughItems-9.1.530.jar to E:\Games\Minecraft\#MultiMC\instances\1.19-TestMods\.minecraft\mods\RoughlyEnoughItems-9.1.530.jar
[01.09.2022 - 14:42:15] (DEBUG)   Adding, nothing to rename.
[01.09.2022 - 14:42:15] (DEBUG)   Copy E:\Games\Minecraft\#Setup_Minecraft\1.19.2\Ressources\Shield Corrections §c[Colored].zip to E:\Games\Minecraft\#MultiMC\instances\1.19-TestMods\.minecraft\resourcepacks\Shield Corrections §c[Colored].zip
[01.09.2022 - 14:42:16] (DEBUG)   Adding, nothing to rename.
[01.09.2022 - 14:42:16] (DEBUG)   Copy E:\Games\Minecraft\#Setup_Minecraft\1.19.2\Ressources\Shield Corrections §7[Regular].zip to E:\Games\Minecraft\#MultiMC\instances\1.19-TestMods\.minecraft\resourcepacks\Shield Corrections §7[Regular].zip
[01.09.2022 - 14:42:17] (DEBUG)   Adding, nothing to rename.
[01.09.2022 - 14:42:17] (DEBUG)   Copy E:\Games\Minecraft\#Setup_Minecraft\1.19.2\Mods\shulkerboxtooltip-fabric-3.1.2+1.19.2.jar to E:\Games\Minecraft\#MultiMC\instances\1.19-TestMods\.minecraft\mods\shulkerboxtooltip-fabric-3.1.2+1.19.2.jar
[01.09.2022 - 14:42:18] (DEBUG)   Adding, nothing to rename.
[01.09.2022 - 14:42:18] (DEBUG)   Copy E:\Games\Minecraft\#Setup_Minecraft\1.19.2\Mods\NoOptifine\sodium-fabric-mc1.19.2-0.4.4+build.18.jar to E:\Games\Minecraft\#MultiMC\instances\1.19-TestMods\.minecraft\mods\sodium-fabric-mc1.19.2-0.4.4+build.18.jar
[01.09.2022 - 14:42:19] (DEBUG)   Adding, nothing to rename.
[01.09.2022 - 14:42:19] (DEBUG)   Copy E:\Games\Minecraft\#Setup_Minecraft\1.19.2\Mods\NoOptifine\sodium-extra-0.4.10+mc1.19.2-build.64.jar to E:\Games\Minecraft\#MultiMC\instances\1.19-TestMods\.minecraft\mods\sodium-extra-0.4.10+mc1.19.2-build.64.jar
[01.09.2022 - 14:42:20] (DEBUG)   Adding, nothing to rename.
[01.09.2022 - 14:42:20] (DEBUG)   Copy E:\Games\Minecraft\#Setup_Minecraft\1.19.2\Mods\tweakeroo-fabric-1.19.2-0.14.3.jar to E:\Games\Minecraft\#MultiMC\instances\1.19-TestMods\.minecraft\mods\tweakeroo-fabric-1.19.2-0.14.3.jar
[01.09.2022 - 14:42:21] (DEBUG)   Adding, nothing to rename.
[01.09.2022 - 14:42:21] (DEBUG)   Copy E:\Games\Minecraft\#Setup_Minecraft\1.19.2\Mods\worldedit-mod-7.2.12.jar to E:\Games\Minecraft\#MultiMC\instances\1.19-TestMods\.minecraft\mods\worldedit-mod-7.2.12.jar
[01.09.2022 - 14:42:22] (DEBUG)   Adding, nothing to rename.
[01.09.2022 - 14:42:22] (DEBUG)   Copy E:\Games\Minecraft\#Setup_Minecraft\1.19.2\Mods\wthit-fabric-5.11.3.jar to E:\Games\Minecraft\#MultiMC\instances\1.19-TestMods\.minecraft\mods\wthit-fabric-5.11.3.jar
[01.09.2022 - 14:42:23] (DEBUG)   Adding, nothing to rename.
[01.09.2022 - 14:42:23] (DEBUG)   Copy E:\Games\Minecraft\#Setup_Minecraft\1.19.2\Mods\Xaeros_Minimap_22.13.2_Fabric_1.19.1.jar to E:\Games\Minecraft\#MultiMC\instances\1.19-TestMods\.minecraft\mods\Xaeros_Minimap_22.13.2_Fabric_1.19.1.jar
[01.09.2022 - 14:42:24] (DEBUG)   Adding, nothing to rename.
[01.09.2022 - 14:42:24] (DEBUG)   Copy E:\Games\Minecraft\#Setup_Minecraft\1.19.2\Mods\XaerosWorldMap_1.26.6_Fabric_1.19.1.jar to E:\Games\Minecraft\#MultiMC\instances\1.19-TestMods\.minecraft\mods\XaerosWorldMap_1.26.6_Fabric_1.19.1.jar
[01.09.2022 - 14:42:25] (DEBUG)   Adding, nothing to rename.
[01.09.2022 - 14:42:25] (DEBUG)   Copy E:\Games\Minecraft\#Setup_Minecraft\1.19.2\Mods\NoOptifine\Zoomify-2.5.1.jar to E:\Games\Minecraft\#MultiMC\instances\1.19-TestMods\.minecraft\mods\Zoomify-2.5.1.jar

                                                                                                *************************************
                                                                                                *                                   *
                                                                                                *      Download MC 1.19.2 Mods      *
                                                                                                *             2022.09.01            *
                                                                                                *             End 14:42             *
                                                                                                *                                   *
                                                                                                *************************************
