                                                                                  *************************************
                                                                                  *                                   *
                                                                                  *      Download MC 1.19.0 Mods      *
                                                                                  *             2022.07.16            *
                                                                                  *            Start 15:26            *
                                                                                  *                                   *
                                                                                  *************************************

[16.07.2022 - 15:26:03] (INFO)    Testing if directory exist...
[16.07.2022 - 15:26:03] (INFO)    Base folder 'E:\Games\Minecraft\#Setup_Minecraft\1.19.0' exists. We check subfolders...
[16.07.2022 - 15:26:03] (SUCCESS) Folder 'E:\Games\Minecraft\#Setup_Minecraft\1.19.0\Mods' exists!
[16.07.2022 - 15:26:03] (SUCCESS) Folder 'E:\Games\Minecraft\#Setup_Minecraft\1.19.0\Mods\NoOptifine' exists!
[16.07.2022 - 15:26:03] (SUCCESS) Folder 'E:\Games\Minecraft\#Setup_Minecraft\1.19.0\Ressources' exists!
[16.07.2022 - 15:26:03] (SUCCESS) Folder 'E:\Games\Minecraft\#Setup_Minecraft\1.19.0\Shaders' exists!

[16.07.2022 - 15:26:03] (INFO)    Checking if we already download mods...
[16.07.2022 - 15:26:03] (INFO)    No previous download...

[16.07.2022 - 15:26:03] (INFO)    Download updated mods
[16.07.2022 - 15:26:03] (INFO)    Querying last file for AdvancementInfo (Loader: Fabric; MC Version: 1.19)...
[16.07.2022 - 15:26:14] (INFO)    A file has been found!
[16.07.2022 - 15:26:14] (INFO)    No previous download. The file will be download anyway.
[16.07.2022 - 15:26:14] (INFO)    Downloading the new version of the mod...
[16.07.2022 - 15:26:19] (SUCCESS) The mod has been downloaded successfully!

[16.07.2022 - 15:26:19] (INFO)    Querying last file for Advancements Enlarger (Loader: Fabric; MC Version: 1.19)...
[16.07.2022 - 15:26:19] (INFO)    A file has been found!
[16.07.2022 - 15:26:19] (INFO)    No previous download. The file will be download anyway.
[16.07.2022 - 15:26:19] (INFO)    Downloading the new version of the mod...
[16.07.2022 - 15:26:19] (SUCCESS) The mod has been downloaded successfully!

[16.07.2022 - 15:26:19] (INFO)    Querying last file for AppleSkin (Loader: Fabric; MC Version: 1.19)...
[16.07.2022 - 15:26:23] (INFO)    A file has been found!
[16.07.2022 - 15:26:23] (INFO)    No previous download. The file will be download anyway.
[16.07.2022 - 15:26:23] (INFO)    Downloading the new version of the mod...
[16.07.2022 - 15:26:27] (SUCCESS) The mod has been downloaded successfully!

[16.07.2022 - 15:26:27] (INFO)    Querying last file for Architectury API (Fabric/Forge) (Loader: Fabric; MC Version: 1.19)...
[16.07.2022 - 15:26:27] (INFO)    A file has been found!
[16.07.2022 - 15:26:27] (INFO)    No previous download. The file will be download anyway.
[16.07.2022 - 15:26:27] (INFO)    Downloading the new version of the mod...
[16.07.2022 - 15:26:29] (SUCCESS) The mod has been downloaded successfully!

[16.07.2022 - 15:26:29] (INFO)    Querying last file for Atmosfera (Loader: Fabric; MC Version: 1.19)...
[16.07.2022 - 15:26:29] (WARNING) No files found.

[16.07.2022 - 15:26:29] (INFO)    Querying last file for bad packets (Loader: Fabric; MC Version: 1.19)...
[16.07.2022 - 15:26:30] (INFO)    A file has been found!
[16.07.2022 - 15:26:30] (INFO)    No previous download. The file will be download anyway.
[16.07.2022 - 15:26:30] (INFO)    Downloading the new version of the mod...
[16.07.2022 - 15:26:32] (SUCCESS) The mod has been downloaded successfully!

[16.07.2022 - 15:26:32] (INFO)    Querying last file for Better Birch Leaves Add-on (Loader: Fabric; MC Version: 1.19)...
[16.07.2022 - 15:26:33] (WARNING) No files found.

[16.07.2022 - 15:26:33] (INFO)    Querying last file for Better Dropped Items (Loader: Fabric; MC Version: 1.19)...
[16.07.2022 - 15:26:34] (INFO)    A file has been found!
[16.07.2022 - 15:26:34] (INFO)    No previous download. The file will be download anyway.
[16.07.2022 - 15:26:34] (INFO)    Downloading the new version of the mod...
[16.07.2022 - 15:26:37] (SUCCESS) The mod has been downloaded successfully!

[16.07.2022 - 15:26:37] (INFO)    Querying last file for Better Spruce Leaves Add-on (Loader: Fabric; MC Version: 1.19)...
[16.07.2022 - 15:26:40] (WARNING) No files found.

[16.07.2022 - 15:26:40] (INFO)    Querying last file for Better Third Person (Loader: Fabric; MC Version: 1.19)...
[16.07.2022 - 15:26:42] (INFO)    A file has been found!
[16.07.2022 - 15:26:42] (INFO)    No previous download. The file will be download anyway.
[16.07.2022 - 15:26:42] (INFO)    Downloading the new version of the mod...
[16.07.2022 - 15:26:45] (SUCCESS) The mod has been downloaded successfully!

[16.07.2022 - 15:26:45] (INFO)    Querying last file for BetterF3 (Loader: Fabric; MC Version: 1.19)...
[16.07.2022 - 15:26:46] (INFO)    A file has been found!
[16.07.2022 - 15:26:46] (INFO)    No previous download. The file will be download anyway.
[16.07.2022 - 15:26:46] (INFO)    Downloading the new version of the mod...
[16.07.2022 - 15:27:07] (SUCCESS) The mod has been downloaded successfully!

[16.07.2022 - 15:27:07] (INFO)    Querying last file for BSL Shaders (Loader: Fabric; MC Version: 1.19)...
[16.07.2022 - 15:27:09] (WARNING) No files found.

[16.07.2022 - 15:27:09] (INFO)    Querying last file for Charm (Loader: Fabric; MC Version: 1.19)...
[16.07.2022 - 15:27:12] (INFO)    A file has been found!
[16.07.2022 - 15:27:12] (INFO)    No previous download. The file will be download anyway.
[16.07.2022 - 15:27:12] (INFO)    Downloading the new version of the mod...
[16.07.2022 - 15:27:40] (SUCCESS) The mod has been downloaded successfully!

[16.07.2022 - 15:27:40] (INFO)    Querying last file for Cloth Config API (Fabric/Forge) (Loader: Fabric; MC Version: 1.19)...
[16.07.2022 - 15:27:40] (INFO)    A file has been found!
[16.07.2022 - 15:27:40] (INFO)    No previous download. The file will be download anyway.
[16.07.2022 - 15:27:40] (INFO)    Downloading the new version of the mod...
[16.07.2022 - 15:27:49] (SUCCESS) The mod has been downloaded successfully!

[16.07.2022 - 15:27:49] (INFO)    Querying last file for Continuity (Loader: Fabric; MC Version: 1.19)...
[16.07.2022 - 15:27:50] (INFO)    A file has been found!
[16.07.2022 - 15:27:50] (INFO)    No previous download. The file will be download anyway.
[16.07.2022 - 15:27:50] (INFO)    Downloading the new version of the mod...
[16.07.2022 - 15:27:54] (SUCCESS) The mod has been downloaded successfully!

[16.07.2022 - 15:27:54] (INFO)    Querying last file for CraftPresence (Loader: Fabric; MC Version: 1.19)...
[16.07.2022 - 15:27:54] (INFO)    A file has been found!
[16.07.2022 - 15:27:54] (INFO)    No previous download. The file will be download anyway.
[16.07.2022 - 15:27:54] (INFO)    Downloading the new version of the mod...
[16.07.2022 - 15:27:56] (SUCCESS) The mod has been downloaded successfully!

[16.07.2022 - 15:27:56] (INFO)    Querying last file for Dark Loading Screen (Loader: Fabric; MC Version: 1.19)...
[16.07.2022 - 15:27:57] (INFO)    A file has been found!
[16.07.2022 - 15:27:57] (INFO)    No previous download. The file will be download anyway.
[16.07.2022 - 15:27:57] (INFO)    Downloading the new version of the mod...
[16.07.2022 - 15:27:59] (SUCCESS) The mod has been downloaded successfully!

[16.07.2022 - 15:27:59] (INFO)    Querying last file for Diggus Maximus (Loader: Fabric; MC Version: 1.19)...
[16.07.2022 - 15:28:00] (INFO)    A file has been found!
[16.07.2022 - 15:28:00] (INFO)    No previous download. The file will be download anyway.
[16.07.2022 - 15:28:00] (INFO)    Downloading the new version of the mod...
[16.07.2022 - 15:28:04] (SUCCESS) The mod has been downloaded successfully!

[16.07.2022 - 15:28:04] (INFO)    Querying last file for Dramatic Skys (Loader: Fabric; MC Version: 1.19)...
[16.07.2022 - 15:28:05] (INFO)    A file has been found!
[16.07.2022 - 15:28:05] (INFO)    No previous download. The file will be download anyway.
[16.07.2022 - 15:28:05] (INFO)    Downloading the new version of the mod...
[16.07.2022 - 15:29:08] (SUCCESS) The mod has been downloaded successfully!

[16.07.2022 - 15:29:08] (INFO)    Querying last file for EditSign (Forge&Fabric) (Loader: Fabric; MC Version: 1.19)...
[16.07.2022 - 15:29:09] (INFO)    A file has been found!
[16.07.2022 - 15:29:09] (INFO)    No previous download. The file will be download anyway.
[16.07.2022 - 15:29:09] (INFO)    Downloading the new version of the mod...
[16.07.2022 - 15:29:14] (SUCCESS) The mod has been downloaded successfully!

[16.07.2022 - 15:29:14] (INFO)    Querying last file for Effective 💦 (Loader: Fabric; MC Version: 1.19)...
[16.07.2022 - 15:29:15] (INFO)    A file has been found!
[16.07.2022 - 15:29:15] (INFO)    No previous download. The file will be download anyway.
[16.07.2022 - 15:29:15] (INFO)    Downloading the new version of the mod...
[16.07.2022 - 15:29:18] (SUCCESS) The mod has been downloaded successfully!

[16.07.2022 - 15:29:18] (INFO)    Querying last file for Enchanted ToolTips (Loader: Fabric; MC Version: 1.19)...
[16.07.2022 - 15:29:19] (INFO)    A file has been found!
[16.07.2022 - 15:29:19] (INFO)    No previous download. The file will be download anyway.
[16.07.2022 - 15:29:19] (INFO)    Downloading the new version of the mod...
[16.07.2022 - 15:29:20] (SUCCESS) The mod has been downloaded successfully!

[16.07.2022 - 15:29:20] (INFO)    Querying last file for Enhanced Attack Indicator (Loader: Fabric; MC Version: 1.19)...
[16.07.2022 - 15:29:21] (INFO)    A file has been found!
[16.07.2022 - 15:29:21] (INFO)    No previous download. The file will be download anyway.
[16.07.2022 - 15:29:21] (INFO)    Downloading the new version of the mod...
[16.07.2022 - 15:29:21] (SUCCESS) The mod has been downloaded successfully!

[16.07.2022 - 15:29:21] (INFO)    Querying last file for Experience Container [XP] (Loader: Fabric; MC Version: 1.19)...
[16.07.2022 - 15:29:22] (WARNING) No files found.

[16.07.2022 - 15:29:22] (INFO)    Querying last file for Fabric API (Loader: Fabric; MC Version: 1.19)...
[16.07.2022 - 15:29:22] (INFO)    A file has been found!
[16.07.2022 - 15:29:22] (INFO)    No previous download. The file will be download anyway.
[16.07.2022 - 15:29:22] (INFO)    Downloading the new version of the mod...
[16.07.2022 - 15:29:29] (SUCCESS) The mod has been downloaded successfully!

[16.07.2022 - 15:29:29] (INFO)    Querying last file for Fabric Capes (Loader: Fabric; MC Version: 1.19)...
[16.07.2022 - 15:29:29] (INFO)    A file has been found!
[16.07.2022 - 15:29:29] (INFO)    No previous download. The file will be download anyway.
[16.07.2022 - 15:29:29] (INFO)    Downloading the new version of the mod...
[16.07.2022 - 15:29:31] (SUCCESS) The mod has been downloaded successfully!

[16.07.2022 - 15:29:31] (INFO)    Querying last file for Fabric Language Kotlin (Loader: Fabric; MC Version: 1.19)...
[16.07.2022 - 15:29:31] (INFO)    A file has been found!
[16.07.2022 - 15:29:31] (INFO)    No previous download. The file will be download anyway.
[16.07.2022 - 15:29:31] (INFO)    Downloading the new version of the mod...
[16.07.2022 - 15:30:04] (SUCCESS) The mod has been downloaded successfully!

[16.07.2022 - 15:30:04] (INFO)    Querying last file for Fabric Loader (Loader: Fabric; MC Version: 1.19)...
[16.07.2022 - 15:30:12] (INFO)    A file has been found!
[16.07.2022 - 15:30:12] (INFO)    No previous download. The file will be download anyway.
[16.07.2022 - 15:30:12] (INFO)    Downloading the new version of the mod...
[16.07.2022 - 15:30:15] (SUCCESS) The mod has been downloaded successfully!

[16.07.2022 - 15:30:15] (INFO)    Querying last file for Faithful 32x (Loader: Fabric; MC Version: 1.19)...
[16.07.2022 - 15:30:17] (INFO)    A file has been found!
[16.07.2022 - 15:30:17] (INFO)    No previous download. The file will be download anyway.
[16.07.2022 - 15:30:17] (INFO)    Downloading the new version of the mod...
[16.07.2022 - 15:30:52] (SUCCESS) The mod has been downloaded successfully!

[16.07.2022 - 15:30:52] (INFO)    Querying last file for Falling Leaves (Fabric) (Loader: Fabric; MC Version: 1.19)...
[16.07.2022 - 15:30:52] (INFO)    A file has been found!
[16.07.2022 - 15:30:52] (INFO)    No previous download. The file will be download anyway.
[16.07.2022 - 15:30:52] (INFO)    Downloading the new version of the mod...
[16.07.2022 - 15:30:53] (SUCCESS) The mod has been downloaded successfully!

[16.07.2022 - 15:30:53] (INFO)    Querying last file for FallingTree (Forge&Fabric) (Loader: Fabric; MC Version: 1.19)...
[16.07.2022 - 15:30:53] (INFO)    A file has been found!
[16.07.2022 - 15:30:53] (INFO)    No previous download. The file will be download anyway.
[16.07.2022 - 15:30:53] (INFO)    Downloading the new version of the mod...
[16.07.2022 - 15:30:54] (SUCCESS) The mod has been downloaded successfully!

[16.07.2022 - 15:30:54] (INFO)    Querying last file for FerriteCore (Fabric) (Loader: Fabric; MC Version: 1.19)...
[16.07.2022 - 15:30:54] (INFO)    A file has been found!
[16.07.2022 - 15:30:54] (INFO)    No previous download. The file will be download anyway.
[16.07.2022 - 15:30:54] (INFO)    Downloading the new version of the mod...
[16.07.2022 - 15:30:55] (SUCCESS) The mod has been downloaded successfully!

[16.07.2022 - 15:30:55] (INFO)    Querying last file for Held Item Info (Loader: Fabric; MC Version: 1.19)...
[16.07.2022 - 15:30:55] (INFO)    A file has been found!
[16.07.2022 - 15:30:55] (INFO)    No previous download. The file will be download anyway.
[16.07.2022 - 15:30:55] (INFO)    Downloading the new version of the mod...
[16.07.2022 - 15:30:56] (SUCCESS) The mod has been downloaded successfully!

[16.07.2022 - 15:30:56] (INFO)    Querying last file for Horse Stats Vanilla (Fabric) (Loader: Fabric; MC Version: 1.19)...
[16.07.2022 - 15:30:56] (INFO)    A file has been found!
[16.07.2022 - 15:30:56] (INFO)    No previous download. The file will be download anyway.
[16.07.2022 - 15:30:56] (INFO)    Downloading the new version of the mod...
[16.07.2022 - 15:30:58] (SUCCESS) The mod has been downloaded successfully!

[16.07.2022 - 15:30:58] (INFO)    Querying last file for Indium (Loader: Fabric; MC Version: 1.19)...
[16.07.2022 - 15:31:00] (INFO)    A file has been found!
[16.07.2022 - 15:31:00] (INFO)    No previous download. The file will be download anyway.
[16.07.2022 - 15:31:00] (INFO)    Downloading the new version of the mod...
[16.07.2022 - 15:31:00] (SUCCESS) The mod has been downloaded successfully!

[16.07.2022 - 15:31:00] (INFO)    Querying last file for Inmis (Loader: Fabric; MC Version: 1.19)...
[16.07.2022 - 15:31:01] (INFO)    A file has been found!
[16.07.2022 - 15:31:01] (INFO)    No previous download. The file will be download anyway.
[16.07.2022 - 15:31:01] (INFO)    Downloading the new version of the mod...
[16.07.2022 - 15:31:01] (SUCCESS) The mod has been downloaded successfully!

[16.07.2022 - 15:31:01] (INFO)    Querying last file for Inventory Hotswap (Loader: Fabric; MC Version: 1.19)...
[16.07.2022 - 15:31:01] (INFO)    A file has been found!
[16.07.2022 - 15:31:01] (INFO)    No previous download. The file will be download anyway.
[16.07.2022 - 15:31:01] (INFO)    Downloading the new version of the mod...
[16.07.2022 - 15:31:02] (SUCCESS) The mod has been downloaded successfully!

[16.07.2022 - 15:31:02] (INFO)    Querying last file for Inventory HUD+ (Loader: Fabric; MC Version: 1.19)...
[16.07.2022 - 15:31:03] (INFO)    A file has been found!
[16.07.2022 - 15:31:03] (INFO)    No previous download. The file will be download anyway.
[16.07.2022 - 15:31:03] (INFO)    Downloading the new version of the mod...
[16.07.2022 - 15:31:03] (SUCCESS) The mod has been downloaded successfully!

[16.07.2022 - 15:31:03] (INFO)    Querying last file for Inventory Profiles Next (Loader: Fabric; MC Version: 1.19)...
[16.07.2022 - 15:31:07] (INFO)    A file has been found!
[16.07.2022 - 15:31:07] (INFO)    No previous download. The file will be download anyway.
[16.07.2022 - 15:31:07] (INFO)    Downloading the new version of the mod...
[16.07.2022 - 15:31:13] (SUCCESS) The mod has been downloaded successfully!

[16.07.2022 - 15:31:13] (INFO)    Querying last file for Iris Shaders (Loader: Fabric; MC Version: 1.19)...
[16.07.2022 - 15:31:13] (INFO)    A file has been found!
[16.07.2022 - 15:31:13] (INFO)    No previous download. The file will be download anyway.
[16.07.2022 - 15:31:13] (INFO)    Downloading the new version of the mod...
[16.07.2022 - 15:31:17] (SUCCESS) The mod has been downloaded successfully!

[16.07.2022 - 15:31:17] (INFO)    Querying last file for Item Scroller (Loader: Fabric; MC Version: 1.19)...
[16.07.2022 - 15:31:17] (WARNING) No files found.

[16.07.2022 - 15:31:17] (INFO)    Querying last file for Jerm's Better Leaves Add-on (Loader: Fabric; MC Version: 1.19)...
[16.07.2022 - 15:31:17] (INFO)    A file has been found!
[16.07.2022 - 15:31:17] (INFO)    No previous download. The file will be download anyway.
[16.07.2022 - 15:31:17] (INFO)    Downloading the new version of the mod...
[16.07.2022 - 15:31:18] (SUCCESS) The mod has been downloaded successfully!

[16.07.2022 - 15:31:18] (INFO)    Querying last file for LambdaBetterGrass (Loader: Fabric; MC Version: 1.19)...
[16.07.2022 - 15:31:18] (INFO)    A file has been found!
[16.07.2022 - 15:31:18] (INFO)    No previous download. The file will be download anyway.
[16.07.2022 - 15:31:18] (INFO)    Downloading the new version of the mod...
[16.07.2022 - 15:31:20] (SUCCESS) The mod has been downloaded successfully!

[16.07.2022 - 15:31:20] (INFO)    Querying last file for LambDynamicLights (Loader: Fabric; MC Version: 1.19)...
[16.07.2022 - 15:31:20] (INFO)    A file has been found!
[16.07.2022 - 15:31:20] (INFO)    No previous download. The file will be download anyway.
[16.07.2022 - 15:31:20] (INFO)    Downloading the new version of the mod...
[16.07.2022 - 15:31:21] (SUCCESS) The mod has been downloaded successfully!

[16.07.2022 - 15:31:21] (INFO)    Querying last file for Light Overlay (Rift/Forge/Fabric) (Loader: Fabric; MC Version: 1.19)...
[16.07.2022 - 15:31:21] (INFO)    A file has been found!
[16.07.2022 - 15:31:21] (INFO)    No previous download. The file will be download anyway.
[16.07.2022 - 15:31:21] (INFO)    Downloading the new version of the mod...
[16.07.2022 - 15:31:22] (SUCCESS) The mod has been downloaded successfully!

[16.07.2022 - 15:31:22] (INFO)    Querying last file for Litematica (Loader: Fabric; MC Version: 1.19)...
[16.07.2022 - 15:31:22] (WARNING) No files found.

[16.07.2022 - 15:31:22] (INFO)    Querying last file for Lithium (Fabric) (Loader: Fabric; MC Version: 1.19)...
[16.07.2022 - 15:31:23] (INFO)    A file has been found!
[16.07.2022 - 15:31:23] (INFO)    No previous download. The file will be download anyway.
[16.07.2022 - 15:31:23] (INFO)    Downloading the new version of the mod...
[16.07.2022 - 15:31:23] (SUCCESS) The mod has been downloaded successfully!

[16.07.2022 - 15:31:23] (INFO)    Querying last file for MaLiLib (Loader: Fabric; MC Version: 1.19)...
[16.07.2022 - 15:31:27] (INFO)    A file has been found!
[16.07.2022 - 15:31:27] (INFO)    No previous download. The file will be download anyway.
[16.07.2022 - 15:31:27] (INFO)    Downloading the new version of the mod...
[16.07.2022 - 15:31:30] (SUCCESS) The mod has been downloaded successfully!

[16.07.2022 - 15:31:30] (INFO)    Querying last file for MAmbience (Loader: Fabric; MC Version: 1.19)...
[16.07.2022 - 15:31:31] (INFO)    A file has been found!
[16.07.2022 - 15:31:31] (INFO)    No previous download. The file will be download anyway.
[16.07.2022 - 15:31:31] (INFO)    Downloading the new version of the mod...
[16.07.2022 - 15:32:09] (SUCCESS) The mod has been downloaded successfully!

[16.07.2022 - 15:32:09] (INFO)    Querying last file for MiniHUD (Loader: Fabric; MC Version: 1.19)...
[16.07.2022 - 15:32:10] (WARNING) No files found.

[16.07.2022 - 15:32:10] (INFO)    Querying last file for Mod Menu (Loader: Fabric; MC Version: 1.19)...
[16.07.2022 - 15:32:13] (INFO)    A file has been found!
[16.07.2022 - 15:32:13] (INFO)    No previous download. The file will be download anyway.
[16.07.2022 - 15:32:13] (INFO)    Downloading the new version of the mod...
[16.07.2022 - 15:32:24] (SUCCESS) The mod has been downloaded successfully!

[16.07.2022 - 15:32:24] (INFO)    Querying last file for OptiFabric (Loader: Fabric; MC Version: 1.19)...
[16.07.2022 - 15:32:28] (INFO)    A file has been found!
[16.07.2022 - 15:32:28] (INFO)    No previous download. The file will be download anyway.
[16.07.2022 - 15:32:28] (INFO)    Downloading the new version of the mod...
[16.07.2022 - 15:32:34] (SUCCESS) The mod has been downloaded successfully!

[16.07.2022 - 15:32:34] (INFO)    Querying last file for OptiFine (Loader: Fabric; MC Version: 1.19)...
[16.07.2022 - 15:32:46] (INFO)    A file has been found!
[16.07.2022 - 15:32:46] (INFO)    No previous download. The file will be download anyway.
[16.07.2022 - 15:32:46] (INFO)    Downloading the new version of the mod...
[16.07.2022 - 15:32:53] (SUCCESS) The mod has been downloaded successfully!

[16.07.2022 - 15:32:53] (INFO)    Querying last file for Phosphor (Fabric) (Loader: Fabric; MC Version: 1.19)...
[16.07.2022 - 15:32:53] (INFO)    A file has been found!
[16.07.2022 - 15:32:53] (INFO)    No previous download. The file will be download anyway.
[16.07.2022 - 15:32:53] (INFO)    Downloading the new version of the mod...
[16.07.2022 - 15:32:53] (SUCCESS) The mod has been downloaded successfully!

[16.07.2022 - 15:32:53] (INFO)    Querying last file for Potion Descriptions (Fabric) (Loader: Fabric; MC Version: 1.19)...
[16.07.2022 - 15:32:54] (WARNING) No files found.

[16.07.2022 - 15:32:54] (INFO)    Querying last file for Presence Footsteps [Fabric] (Loader: Fabric; MC Version: 1.19)...
[16.07.2022 - 15:32:54] (INFO)    A file has been found!
[16.07.2022 - 15:32:54] (INFO)    No previous download. The file will be download anyway.
[16.07.2022 - 15:32:54] (INFO)    Downloading the new version of the mod...
[16.07.2022 - 15:33:26] (SUCCESS) The mod has been downloaded successfully!

[16.07.2022 - 15:33:26] (INFO)    Querying last file for Reese's Sodium Options (Loader: Fabric; MC Version: 1.19)...
[16.07.2022 - 15:33:28] (INFO)    A file has been found!
[16.07.2022 - 15:33:28] (INFO)    No previous download. The file will be download anyway.
[16.07.2022 - 15:33:28] (INFO)    Downloading the new version of the mod...
[16.07.2022 - 15:33:30] (SUCCESS) The mod has been downloaded successfully!

[16.07.2022 - 15:33:30] (INFO)    Querying last file for Replay Mod (Loader: Fabric; MC Version: 1.19)...
[16.07.2022 - 15:34:09] (INFO)    A file has been found!
[16.07.2022 - 15:34:09] (INFO)    No previous download. The file will be download anyway.
[16.07.2022 - 15:34:09] (INFO)    Downloading the new version of the mod...
[16.07.2022 - 15:34:39] (SUCCESS) The mod has been downloaded successfully!

[16.07.2022 - 15:34:39] (INFO)    Querying last file for Roughly Enough Items Fabric/Forge (REI) (Loader: Fabric; MC Version: 1.19)...
[16.07.2022 - 15:34:40] (INFO)    A file has been found!
[16.07.2022 - 15:34:40] (INFO)    No previous download. The file will be download anyway.
[16.07.2022 - 15:34:40] (INFO)    Downloading the new version of the mod...
[16.07.2022 - 15:34:45] (SUCCESS) The mod has been downloaded successfully!

[16.07.2022 - 15:34:45] (INFO)    Querying last file for Shield Corrections Colored (Loader: Fabric; MC Version: 1.19)...
[16.07.2022 - 15:34:46] (INFO)    A file has been found!
[16.07.2022 - 15:34:46] (INFO)    No previous download. The file will be download anyway.
[16.07.2022 - 15:34:46] (INFO)    Downloading the new version of the mod...
[16.07.2022 - 15:34:49] (SUCCESS) The mod has been downloaded successfully!

[16.07.2022 - 15:34:49] (INFO)    Querying last file for Shield Corrections Regular (Loader: Fabric; MC Version: 1.19)...
[16.07.2022 - 15:34:50] (INFO)    A file has been found!
[16.07.2022 - 15:34:50] (INFO)    No previous download. The file will be download anyway.
[16.07.2022 - 15:34:50] (INFO)    Downloading the new version of the mod...
[16.07.2022 - 15:34:55] (SUCCESS) The mod has been downloaded successfully!

[16.07.2022 - 15:34:55] (INFO)    Querying last file for ShulkerBoxTooltip (Loader: Fabric; MC Version: 1.19)...
[16.07.2022 - 15:34:55] (INFO)    A file has been found!
[16.07.2022 - 15:34:55] (INFO)    No previous download. The file will be download anyway.
[16.07.2022 - 15:34:55] (INFO)    Downloading the new version of the mod...
[16.07.2022 - 15:35:04] (SUCCESS) The mod has been downloaded successfully!

[16.07.2022 - 15:35:04] (INFO)    Querying last file for Sodium (Loader: Fabric; MC Version: 1.19)...
[16.07.2022 - 15:35:06] (INFO)    A file has been found!
[16.07.2022 - 15:35:06] (INFO)    No previous download. The file will be download anyway.
[16.07.2022 - 15:35:06] (INFO)    Downloading the new version of the mod...
[16.07.2022 - 15:35:11] (SUCCESS) The mod has been downloaded successfully!

[16.07.2022 - 15:35:11] (INFO)    Querying last file for Sodium Extra (Loader: Fabric; MC Version: 1.19)...
[16.07.2022 - 15:35:16] (INFO)    A file has been found!
[16.07.2022 - 15:35:16] (INFO)    No previous download. The file will be download anyway.
[16.07.2022 - 15:35:16] (INFO)    Downloading the new version of the mod...
[16.07.2022 - 15:35:19] (SUCCESS) The mod has been downloaded successfully!

[16.07.2022 - 15:35:19] (INFO)    Querying last file for ToolTipFix (Loader: Fabric; MC Version: 1.19)...
[16.07.2022 - 15:35:20] (INFO)    A file has been found!
[16.07.2022 - 15:35:20] (INFO)    No previous download. The file will be download anyway.
[16.07.2022 - 15:35:20] (INFO)    Downloading the new version of the mod...
[16.07.2022 - 15:35:22] (SUCCESS) The mod has been downloaded successfully!

[16.07.2022 - 15:35:22] (INFO)    Querying last file for Tweakeroo (Loader: Fabric; MC Version: 1.19)...
[16.07.2022 - 15:35:26] (WARNING) No files found.

[16.07.2022 - 15:35:26] (INFO)    Querying last file for WorldEdit (Loader: Fabric; MC Version: 1.19)...
[16.07.2022 - 15:35:27] (INFO)    A file has been found!
[16.07.2022 - 15:35:27] (INFO)    No previous download. The file will be download anyway.
[16.07.2022 - 15:35:27] (INFO)    Downloading the new version of the mod...
[16.07.2022 - 15:35:48] (SUCCESS) The mod has been downloaded successfully!

[16.07.2022 - 15:35:48] (INFO)    Querying last file for WTHIT (Loader: Fabric; MC Version: 1.19)...
[16.07.2022 - 15:35:50] (INFO)    A file has been found!
[16.07.2022 - 15:35:50] (INFO)    No previous download. The file will be download anyway.
[16.07.2022 - 15:35:50] (INFO)    Downloading the new version of the mod...
[16.07.2022 - 15:35:57] (SUCCESS) The mod has been downloaded successfully!

[16.07.2022 - 15:35:57] (INFO)    Querying last file for Xaeros Minimap (Loader: Fabric; MC Version: 1.19)...
[16.07.2022 - 15:36:08] (INFO)    A file has been found!
[16.07.2022 - 15:36:08] (INFO)    No previous download. The file will be download anyway.
[16.07.2022 - 15:36:08] (INFO)    Downloading the new version of the mod...
[16.07.2022 - 15:36:13] (SUCCESS) The mod has been downloaded successfully!

[16.07.2022 - 15:36:13] (INFO)    Querying last file for Xaeros WorldMap (Loader: Fabric; MC Version: 1.19)...
[16.07.2022 - 15:36:27] (INFO)    A file has been found!
[16.07.2022 - 15:36:27] (INFO)    No previous download. The file will be download anyway.
[16.07.2022 - 15:36:27] (INFO)    Downloading the new version of the mod...
[16.07.2022 - 15:36:30] (SUCCESS) The mod has been downloaded successfully!

[16.07.2022 - 15:36:30] (INFO)    Querying last file for Zoomify (Loader: Fabric; MC Version: 1.19)...
[16.07.2022 - 15:36:31] (INFO)    A file has been found!
[16.07.2022 - 15:36:31] (INFO)    No previous download. The file will be download anyway.
[16.07.2022 - 15:36:31] (INFO)    Downloading the new version of the mod...
[16.07.2022 - 15:36:34] (SUCCESS) The mod has been downloaded successfully!

[16.07.2022 - 15:36:34] (INFO)    Export mods session information to CSV 'E:\Games\Minecraft\#Setup_Minecraft\#Scripts\csv\MC_1.19.0-2022.07.16_15.26.csv'
[16.07.2022 - 15:36:34] (SUCCESS) Mods list has been exported successfully!

[16.07.2022 - 15:36:34] (INFO)    Export Discord markdown lines to files...

[16.07.2022 - 15:36:34] (INFO)    Export website text lines to files...

                                                                                  *************************************
                                                                                  *                                   *
                                                                                  *      Download MC 1.19.0 Mods      *
                                                                                  *             2022.07.16            *
                                                                                  *             End 15:36             *
                                                                                  *                                   *
                                                                                  *************************************
